{"D:\\Avans\\blok11\\Cloud Services\\Eindopdracht\\src\\api\\server\\index.ts":{"path":"D:\\Avans\\blok11\\Cloud Services\\Eindopdracht\\src\\api\\server\\index.ts","statementMap":{"0":{"start":{"line":2,"column":22},"end":{"line":4,"column":1}},"1":{"start":{"line":3,"column":4},"end":{"line":3,"column":62}},"2":{"start":{"line":5,"column":0},"end":{"line":5,"column":62}},"3":{"start":{"line":6,"column":0},"end":{"line":6,"column":30}},"4":{"start":{"line":7,"column":18},"end":{"line":7,"column":55}},"5":{"start":{"line":8,"column":21},"end":{"line":8,"column":62}},"6":{"start":{"line":9,"column":18},"end":{"line":9,"column":53}},"7":{"start":{"line":11,"column":16},"end":{"line":11,"column":35}},"8":{"start":{"line":12,"column":4},"end":{"line":12,"column":27}},"9":{"start":{"line":13,"column":4},"end":{"line":13,"column":30}},"10":{"start":{"line":14,"column":4},"end":{"line":14,"column":15}},"11":{"start":{"line":16,"column":0},"end":{"line":16,"column":36}}},"fnMap":{"0":{"name":"(anonymous_0)","decl":{"start":{"line":2,"column":56},"end":{"line":2,"column":57}},"loc":{"start":{"line":2,"column":71},"end":{"line":4,"column":1}},"line":2},"1":{"name":"createServer","decl":{"start":{"line":10,"column":9},"end":{"line":10,"column":21}},"loc":{"start":{"line":10,"column":24},"end":{"line":15,"column":1}},"line":10}},"branchMap":{"0":{"loc":{"start":{"line":2,"column":22},"end":{"line":4,"column":1}},"type":"binary-expr","locations":[{"start":{"line":2,"column":23},"end":{"line":2,"column":27}},{"start":{"line":2,"column":31},"end":{"line":2,"column":51}},{"start":{"line":2,"column":56},"end":{"line":4,"column":1}}],"line":2},"1":{"loc":{"start":{"line":3,"column":11},"end":{"line":3,"column":61}},"type":"cond-expr","locations":[{"start":{"line":3,"column":37},"end":{"line":3,"column":40}},{"start":{"line":3,"column":43},"end":{"line":3,"column":61}}],"line":3},"2":{"loc":{"start":{"line":3,"column":12},"end":{"line":3,"column":33}},"type":"binary-expr","locations":[{"start":{"line":3,"column":12},"end":{"line":3,"column":15}},{"start":{"line":3,"column":19},"end":{"line":3,"column":33}}],"line":3}},"s":{"0":1,"1":3,"2":1,"3":1,"4":1,"5":1,"6":1,"7":1,"8":1,"9":1,"10":1,"11":1},"f":{"0":3,"1":1},"b":{"0":[1,1,1],"1":[2,1],"2":[3,3]},"inputSourceMap":{"version":3,"file":"D:/Avans/blok11/Cloud Services/Eindopdracht/src/api/server/index.ts","sources":["D:/Avans/blok11/Cloud Services/Eindopdracht/src/api/server/index.ts"],"names":[],"mappings":";;;;;;AAAA,wDAAoC;AACpC,+DAA+C;AAC/C,sDAA8B;AAE9B,SAAgB,YAAY;IAExB,MAAM,GAAG,GAAG,iBAAO,EAAE,CAAC;IAEtB,iBAAY,CAAC,GAAG,CAAC,CAAC;IAClB,oBAAkB,CAAC,GAAG,CAAC,CAAC;IAExB,OAAO,GAAG,CAAC;AACf,CAAC;AARD,oCAQC","sourcesContent":["import startExpress from \"./express\"\r\nimport assembleMiddleware from \"../middleware\";\r\nimport express from 'express';\r\n\r\nexport function createServer(): express.Express\r\n{\r\n    const app = express();\r\n\r\n    startExpress(app);\r\n    assembleMiddleware(app);\r\n    \r\n    return app;    \r\n}\r\n"]},"_coverageSchema":"1a1c01bbd47fc00a2c39e90264f33305004495a9","hash":"4986f5addf9bb3490e7a16cf2bbd70209e10b6ab","contentHash":"53ad5a2bd60fbb360669bc874b7a33b80168b368b872fe72293e7b310a1890b8"},"D:\\Avans\\blok11\\Cloud Services\\Eindopdracht\\src\\api\\server\\express.ts":{"path":"D:\\Avans\\blok11\\Cloud Services\\Eindopdracht\\src\\api\\server\\express.ts","statementMap":{"0":{"start":{"line":2,"column":22},"end":{"line":8,"column":3}},"1":{"start":{"line":3,"column":4},"end":{"line":3,"column":33}},"2":{"start":{"line":3,"column":26},"end":{"line":3,"column":33}},"3":{"start":{"line":4,"column":4},"end":{"line":4,"column":89}},"4":{"start":{"line":4,"column":71},"end":{"line":4,"column":83}},"5":{"start":{"line":6,"column":4},"end":{"line":6,"column":33}},"6":{"start":{"line":6,"column":26},"end":{"line":6,"column":33}},"7":{"start":{"line":7,"column":4},"end":{"line":7,"column":17}},"8":{"start":{"line":9,"column":25},"end":{"line":13,"column":2}},"9":{"start":{"line":10,"column":4},"end":{"line":10,"column":72}},"10":{"start":{"line":12,"column":4},"end":{"line":12,"column":21}},"11":{"start":{"line":14,"column":19},"end":{"line":20,"column":1}},"12":{"start":{"line":15,"column":4},"end":{"line":15,"column":42}},"13":{"start":{"line":15,"column":31},"end":{"line":15,"column":42}},"14":{"start":{"line":16,"column":17},"end":{"line":16,"column":19}},"15":{"start":{"line":17,"column":4},"end":{"line":17,"column":141}},"16":{"start":{"line":17,"column":21},"end":{"line":17,"column":141}},"17":{"start":{"line":17,"column":40},"end":{"line":17,"column":141}},"18":{"start":{"line":17,"column":109},"end":{"line":17,"column":141}},"19":{"start":{"line":18,"column":4},"end":{"line":18,"column":36}},"20":{"start":{"line":19,"column":4},"end":{"line":19,"column":18}},"21":{"start":{"line":21,"column":22},"end":{"line":23,"column":1}},"22":{"start":{"line":22,"column":4},"end":{"line":22,"column":62}},"23":{"start":{"line":24,"column":0},"end":{"line":24,"column":62}},"24":{"start":{"line":25,"column":16},"end":{"line":25,"column":48}},"25":{"start":{"line":26,"column":17},"end":{"line":26,"column":37}},"26":{"start":{"line":27,"column":15},"end":{"line":27,"column":47}},"27":{"start":{"line":28,"column":13},"end":{"line":28,"column":42}},"28":{"start":{"line":29,"column":18},"end":{"line":29,"column":55}},"29":{"start":{"line":31,"column":4},"end":{"line":31,"column":28}},"30":{"start":{"line":32,"column":4},"end":{"line":32,"column":30}},"31":{"start":{"line":33,"column":4},"end":{"line":33,"column":63}},"32":{"start":{"line":35,"column":4},"end":{"line":35,"column":33}},"33":{"start":{"line":36,"column":4},"end":{"line":36,"column":38}},"34":{"start":{"line":37,"column":4},"end":{"line":37,"column":27}},"35":{"start":{"line":38,"column":4},"end":{"line":38,"column":38}},"36":{"start":{"line":40,"column":0},"end":{"line":40,"column":28}}},"fnMap":{"0":{"name":"(anonymous_0)","decl":{"start":{"line":2,"column":74},"end":{"line":2,"column":75}},"loc":{"start":{"line":2,"column":96},"end":{"line":5,"column":1}},"line":2},"1":{"name":"(anonymous_1)","decl":{"start":{"line":4,"column":58},"end":{"line":4,"column":59}},"loc":{"start":{"line":4,"column":69},"end":{"line":4,"column":85}},"line":4},"2":{"name":"(anonymous_2)","decl":{"start":{"line":5,"column":6},"end":{"line":5,"column":7}},"loc":{"start":{"line":5,"column":28},"end":{"line":8,"column":1}},"line":5},"3":{"name":"(anonymous_3)","decl":{"start":{"line":9,"column":80},"end":{"line":9,"column":81}},"loc":{"start":{"line":9,"column":95},"end":{"line":11,"column":1}},"line":9},"4":{"name":"(anonymous_4)","decl":{"start":{"line":11,"column":5},"end":{"line":11,"column":6}},"loc":{"start":{"line":11,"column":20},"end":{"line":13,"column":1}},"line":11},"5":{"name":"(anonymous_5)","decl":{"start":{"line":14,"column":50},"end":{"line":14,"column":51}},"loc":{"start":{"line":14,"column":65},"end":{"line":20,"column":1}},"line":14},"6":{"name":"(anonymous_6)","decl":{"start":{"line":21,"column":56},"end":{"line":21,"column":57}},"loc":{"start":{"line":21,"column":71},"end":{"line":23,"column":1}},"line":21},"7":{"name":"default_1","decl":{"start":{"line":30,"column":9},"end":{"line":30,"column":18}},"loc":{"start":{"line":30,"column":24},"end":{"line":39,"column":1}},"line":30}},"branchMap":{"0":{"loc":{"start":{"line":2,"column":22},"end":{"line":8,"column":3}},"type":"binary-expr","locations":[{"start":{"line":2,"column":23},"end":{"line":2,"column":27}},{"start":{"line":2,"column":31},"end":{"line":2,"column":51}},{"start":{"line":2,"column":57},"end":{"line":8,"column":2}}],"line":2},"1":{"loc":{"start":{"line":2,"column":57},"end":{"line":8,"column":2}},"type":"cond-expr","locations":[{"start":{"line":2,"column":74},"end":{"line":5,"column":1}},{"start":{"line":5,"column":6},"end":{"line":8,"column":1}}],"line":2},"2":{"loc":{"start":{"line":3,"column":4},"end":{"line":3,"column":33}},"type":"if","locations":[{"start":{"line":3,"column":4},"end":{"line":3,"column":33}},{"start":{"line":3,"column":4},"end":{"line":3,"column":33}}],"line":3},"3":{"loc":{"start":{"line":6,"column":4},"end":{"line":6,"column":33}},"type":"if","locations":[{"start":{"line":6,"column":4},"end":{"line":6,"column":33}},{"start":{"line":6,"column":4},"end":{"line":6,"column":33}}],"line":6},"4":{"loc":{"start":{"line":9,"column":25},"end":{"line":13,"column":2}},"type":"binary-expr","locations":[{"start":{"line":9,"column":26},"end":{"line":9,"column":30}},{"start":{"line":9,"column":34},"end":{"line":9,"column":57}},{"start":{"line":9,"column":63},"end":{"line":13,"column":1}}],"line":9},"5":{"loc":{"start":{"line":9,"column":63},"end":{"line":13,"column":1}},"type":"cond-expr","locations":[{"start":{"line":9,"column":80},"end":{"line":11,"column":1}},{"start":{"line":11,"column":5},"end":{"line":13,"column":1}}],"line":9},"6":{"loc":{"start":{"line":14,"column":19},"end":{"line":20,"column":1}},"type":"binary-expr","locations":[{"start":{"line":14,"column":20},"end":{"line":14,"column":24}},{"start":{"line":14,"column":28},"end":{"line":14,"column":45}},{"start":{"line":14,"column":50},"end":{"line":20,"column":1}}],"line":14},"7":{"loc":{"start":{"line":15,"column":4},"end":{"line":15,"column":42}},"type":"if","locations":[{"start":{"line":15,"column":4},"end":{"line":15,"column":42}},{"start":{"line":15,"column":4},"end":{"line":15,"column":42}}],"line":15},"8":{"loc":{"start":{"line":15,"column":8},"end":{"line":15,"column":29}},"type":"binary-expr","locations":[{"start":{"line":15,"column":8},"end":{"line":15,"column":11}},{"start":{"line":15,"column":15},"end":{"line":15,"column":29}}],"line":15},"9":{"loc":{"start":{"line":17,"column":4},"end":{"line":17,"column":141}},"type":"if","locations":[{"start":{"line":17,"column":4},"end":{"line":17,"column":141}},{"start":{"line":17,"column":4},"end":{"line":17,"column":141}}],"line":17},"10":{"loc":{"start":{"line":17,"column":40},"end":{"line":17,"column":141}},"type":"if","locations":[{"start":{"line":17,"column":40},"end":{"line":17,"column":141}},{"start":{"line":17,"column":40},"end":{"line":17,"column":141}}],"line":17},"11":{"loc":{"start":{"line":17,"column":44},"end":{"line":17,"column":107}},"type":"binary-expr","locations":[{"start":{"line":17,"column":44},"end":{"line":17,"column":59}},{"start":{"line":17,"column":63},"end":{"line":17,"column":107}}],"line":17},"12":{"loc":{"start":{"line":21,"column":22},"end":{"line":23,"column":1}},"type":"binary-expr","locations":[{"start":{"line":21,"column":23},"end":{"line":21,"column":27}},{"start":{"line":21,"column":31},"end":{"line":21,"column":51}},{"start":{"line":21,"column":56},"end":{"line":23,"column":1}}],"line":21},"13":{"loc":{"start":{"line":22,"column":11},"end":{"line":22,"column":61}},"type":"cond-expr","locations":[{"start":{"line":22,"column":37},"end":{"line":22,"column":40}},{"start":{"line":22,"column":43},"end":{"line":22,"column":61}}],"line":22},"14":{"loc":{"start":{"line":22,"column":12},"end":{"line":22,"column":33}},"type":"binary-expr","locations":[{"start":{"line":22,"column":12},"end":{"line":22,"column":15}},{"start":{"line":22,"column":19},"end":{"line":22,"column":33}}],"line":22}},"s":{"0":1,"1":27,"2":27,"3":27,"4":3,"5":0,"6":0,"7":0,"8":1,"9":2,"10":0,"11":1,"12":2,"13":0,"14":2,"15":2,"16":2,"17":27,"18":27,"19":2,"20":2,"21":1,"22":2,"23":1,"24":1,"25":1,"26":1,"27":1,"28":1,"29":1,"30":1,"31":1,"32":1,"33":1,"34":1,"35":1,"36":1},"f":{"0":27,"1":3,"2":0,"3":2,"4":0,"5":2,"6":2,"7":1},"b":{"0":[1,1,1],"1":[1,0],"2":[27,0],"3":[0,0],"4":[1,1,1],"5":[1,0],"6":[1,1,1],"7":[0,2],"8":[2,2],"9":[2,0],"10":[27,0],"11":[27,27],"12":[1,1,1],"13":[1,1],"14":[2,2]},"inputSourceMap":{"version":3,"file":"D:/Avans/blok11/Cloud Services/Eindopdracht/src/api/server/express.ts","sources":["D:/Avans/blok11/Cloud Services/Eindopdracht/src/api/server/express.ts"],"names":[],"mappings":";;;;;;;;;;;;;;;;;;;;;;;;AAAA,iDAAmC;AACnC,sCAA2C;AAC3C,gDAAwB;AACxB,2CAA6B;AAC7B,wDAAmC;AAEnC,mBAAwB,GAAoB;IACxC,GAAG,CAAC,GAAG,CAAC,OAAO,CAAC,IAAI,EAAE,CAAC,CAAC;IACxB,GAAG,CAAC,GAAG,CAAC,cAAI,EAAE,CAAC,CAAC;IAChB,GAAG,CAAC,GAAG,CAAC,OAAO,CAAC,MAAM,CAAC,IAAI,CAAC,IAAI,CAAC,SAAS,EAAE,WAAW,CAAC,CAAC,CAAC,CAAC;IAE3D,uDAAuD;IACvD,uBAAc,CAAC,GAAG,CAAC,CAAC;IAEpB,OAAO,CAAC,GAAG,CAAC,oBAAoB,CAAC,CAAC;IAElC,iBAAU,CAAC,GAAG,CAAC,CAAC;IAChB,OAAO,CAAC,GAAG,CAAC,oBAAoB,CAAC,CAAC;AAEtC,CAAC;AAbD,4BAaC;AAAA,CAAC","sourcesContent":["import * as express from 'express';\r\nimport { RegisterRoutes } from '../routes';\r\nimport cors from 'cors';\r\nimport * as path from 'path';\r\nimport useSwagger from './swagger';\r\n\r\nexport default function(app: express.Express): void {\r\n    app.use(express.json());\r\n    app.use(cors());\r\n    app.use(express.static(path.join(__dirname, '../public')));\r\n\r\n    //register all routes from the routes generated by tsoa\r\n    RegisterRoutes(app);\r\n\r\n    console.log('✌️ Express Loaded.');\r\n\r\n    useSwagger(app);\r\n    console.log('🙉 Swagger Loaded.');\r\n\r\n};"]},"_coverageSchema":"1a1c01bbd47fc00a2c39e90264f33305004495a9","hash":"d389938d20dc175f1ff69257a70c49e61009d335","contentHash":"dbbf62891d22eaf5500f774a47bcfc9be5d1dfe87691099df8b72c92b8af2713"},"D:\\Avans\\blok11\\Cloud Services\\Eindopdracht\\src\\api\\routes.ts":{"path":"D:\\Avans\\blok11\\Cloud Services\\Eindopdracht\\src\\api\\routes.ts","statementMap":{"0":{"start":{"line":2,"column":0},"end":{"line":2,"column":62}},"1":{"start":{"line":3,"column":0},"end":{"line":3,"column":32}},"2":{"start":{"line":7,"column":18},"end":{"line":7,"column":42}},"3":{"start":{"line":9,"column":35},"end":{"line":9,"column":84}},"4":{"start":{"line":11,"column":33},"end":{"line":11,"column":80}},"5":{"start":{"line":13,"column":27},"end":{"line":13,"column":68}},"6":{"start":{"line":15,"column":29},"end":{"line":15,"column":72}},"7":{"start":{"line":17,"column":27},"end":{"line":17,"column":68}},"8":{"start":{"line":19,"column":34},"end":{"line":19,"column":82}},"9":{"start":{"line":20,"column":36},"end":{"line":20,"column":85}},"10":{"start":{"line":22,"column":15},"end":{"line":148,"column":1}},"11":{"start":{"line":149,"column":26},"end":{"line":149,"column":65}},"12":{"start":{"line":156,"column":4},"end":{"line":171,"column":7}},"13":{"start":{"line":157,"column":21},"end":{"line":159,"column":9}},"14":{"start":{"line":161,"column":28},"end":{"line":161,"column":30}},"15":{"start":{"line":162,"column":8},"end":{"line":167,"column":9}},"16":{"start":{"line":163,"column":12},"end":{"line":163,"column":70}},"17":{"start":{"line":166,"column":12},"end":{"line":166,"column":29}},"18":{"start":{"line":168,"column":27},"end":{"line":168,"column":82}},"19":{"start":{"line":169,"column":24},"end":{"line":169,"column":81}},"20":{"start":{"line":170,"column":8},"end":{"line":170,"column":71}},"21":{"start":{"line":173,"column":4},"end":{"line":188,"column":7}},"22":{"start":{"line":174,"column":21},"end":{"line":176,"column":9}},"23":{"start":{"line":178,"column":28},"end":{"line":178,"column":30}},"24":{"start":{"line":179,"column":8},"end":{"line":184,"column":9}},"25":{"start":{"line":180,"column":12},"end":{"line":180,"column":70}},"26":{"start":{"line":183,"column":12},"end":{"line":183,"column":29}},"27":{"start":{"line":185,"column":27},"end":{"line":185,"column":82}},"28":{"start":{"line":186,"column":24},"end":{"line":186,"column":78}},"29":{"start":{"line":187,"column":8},"end":{"line":187,"column":71}},"30":{"start":{"line":190,"column":4},"end":{"line":207,"column":7}},"31":{"start":{"line":191,"column":21},"end":{"line":195,"column":9}},"32":{"start":{"line":197,"column":28},"end":{"line":197,"column":30}},"33":{"start":{"line":198,"column":8},"end":{"line":203,"column":9}},"34":{"start":{"line":199,"column":12},"end":{"line":199,"column":70}},"35":{"start":{"line":202,"column":12},"end":{"line":202,"column":29}},"36":{"start":{"line":204,"column":27},"end":{"line":204,"column":82}},"37":{"start":{"line":205,"column":24},"end":{"line":205,"column":85}},"38":{"start":{"line":206,"column":8},"end":{"line":206,"column":71}},"39":{"start":{"line":209,"column":4},"end":{"line":224,"column":7}},"40":{"start":{"line":210,"column":21},"end":{"line":212,"column":9}},"41":{"start":{"line":214,"column":28},"end":{"line":214,"column":30}},"42":{"start":{"line":215,"column":8},"end":{"line":220,"column":9}},"43":{"start":{"line":216,"column":12},"end":{"line":216,"column":70}},"44":{"start":{"line":219,"column":12},"end":{"line":219,"column":29}},"45":{"start":{"line":221,"column":27},"end":{"line":221,"column":82}},"46":{"start":{"line":222,"column":24},"end":{"line":222,"column":78}},"47":{"start":{"line":223,"column":8},"end":{"line":223,"column":71}},"48":{"start":{"line":226,"column":4},"end":{"line":243,"column":7}},"49":{"start":{"line":227,"column":21},"end":{"line":231,"column":9}},"50":{"start":{"line":233,"column":28},"end":{"line":233,"column":30}},"51":{"start":{"line":234,"column":8},"end":{"line":239,"column":9}},"52":{"start":{"line":235,"column":12},"end":{"line":235,"column":70}},"53":{"start":{"line":238,"column":12},"end":{"line":238,"column":29}},"54":{"start":{"line":240,"column":27},"end":{"line":240,"column":82}},"55":{"start":{"line":241,"column":24},"end":{"line":241,"column":92}},"56":{"start":{"line":242,"column":8},"end":{"line":242,"column":71}},"57":{"start":{"line":245,"column":4},"end":{"line":261,"column":7}},"58":{"start":{"line":246,"column":21},"end":{"line":249,"column":9}},"59":{"start":{"line":251,"column":28},"end":{"line":251,"column":30}},"60":{"start":{"line":252,"column":8},"end":{"line":257,"column":9}},"61":{"start":{"line":253,"column":12},"end":{"line":253,"column":70}},"62":{"start":{"line":256,"column":12},"end":{"line":256,"column":29}},"63":{"start":{"line":258,"column":27},"end":{"line":258,"column":78}},"64":{"start":{"line":259,"column":24},"end":{"line":259,"column":81}},"65":{"start":{"line":260,"column":8},"end":{"line":260,"column":71}},"66":{"start":{"line":263,"column":4},"end":{"line":280,"column":7}},"67":{"start":{"line":264,"column":21},"end":{"line":268,"column":9}},"68":{"start":{"line":270,"column":28},"end":{"line":270,"column":30}},"69":{"start":{"line":271,"column":8},"end":{"line":276,"column":9}},"70":{"start":{"line":272,"column":12},"end":{"line":272,"column":70}},"71":{"start":{"line":275,"column":12},"end":{"line":275,"column":29}},"72":{"start":{"line":277,"column":27},"end":{"line":277,"column":78}},"73":{"start":{"line":278,"column":24},"end":{"line":278,"column":81}},"74":{"start":{"line":279,"column":8},"end":{"line":279,"column":71}},"75":{"start":{"line":282,"column":4},"end":{"line":298,"column":7}},"76":{"start":{"line":283,"column":21},"end":{"line":286,"column":9}},"77":{"start":{"line":288,"column":28},"end":{"line":288,"column":30}},"78":{"start":{"line":289,"column":8},"end":{"line":294,"column":9}},"79":{"start":{"line":290,"column":12},"end":{"line":290,"column":70}},"80":{"start":{"line":293,"column":12},"end":{"line":293,"column":29}},"81":{"start":{"line":295,"column":27},"end":{"line":295,"column":78}},"82":{"start":{"line":296,"column":24},"end":{"line":296,"column":81}},"83":{"start":{"line":297,"column":8},"end":{"line":297,"column":71}},"84":{"start":{"line":300,"column":4},"end":{"line":316,"column":7}},"85":{"start":{"line":301,"column":21},"end":{"line":304,"column":9}},"86":{"start":{"line":306,"column":28},"end":{"line":306,"column":30}},"87":{"start":{"line":307,"column":8},"end":{"line":312,"column":9}},"88":{"start":{"line":308,"column":12},"end":{"line":308,"column":70}},"89":{"start":{"line":311,"column":12},"end":{"line":311,"column":29}},"90":{"start":{"line":313,"column":27},"end":{"line":313,"column":67}},"91":{"start":{"line":314,"column":24},"end":{"line":314,"column":75}},"92":{"start":{"line":315,"column":8},"end":{"line":315,"column":71}},"93":{"start":{"line":318,"column":4},"end":{"line":333,"column":7}},"94":{"start":{"line":319,"column":21},"end":{"line":321,"column":9}},"95":{"start":{"line":323,"column":28},"end":{"line":323,"column":30}},"96":{"start":{"line":324,"column":8},"end":{"line":329,"column":9}},"97":{"start":{"line":325,"column":12},"end":{"line":325,"column":70}},"98":{"start":{"line":328,"column":12},"end":{"line":328,"column":29}},"99":{"start":{"line":330,"column":27},"end":{"line":330,"column":67}},"100":{"start":{"line":331,"column":24},"end":{"line":331,"column":78}},"101":{"start":{"line":332,"column":8},"end":{"line":332,"column":71}},"102":{"start":{"line":335,"column":4},"end":{"line":351,"column":7}},"103":{"start":{"line":336,"column":21},"end":{"line":339,"column":9}},"104":{"start":{"line":341,"column":28},"end":{"line":341,"column":30}},"105":{"start":{"line":342,"column":8},"end":{"line":347,"column":9}},"106":{"start":{"line":343,"column":12},"end":{"line":343,"column":70}},"107":{"start":{"line":346,"column":12},"end":{"line":346,"column":29}},"108":{"start":{"line":348,"column":27},"end":{"line":348,"column":71}},"109":{"start":{"line":349,"column":24},"end":{"line":349,"column":81}},"110":{"start":{"line":350,"column":8},"end":{"line":350,"column":71}},"111":{"start":{"line":353,"column":4},"end":{"line":370,"column":7}},"112":{"start":{"line":354,"column":21},"end":{"line":358,"column":9}},"113":{"start":{"line":360,"column":28},"end":{"line":360,"column":30}},"114":{"start":{"line":361,"column":8},"end":{"line":366,"column":9}},"115":{"start":{"line":362,"column":12},"end":{"line":362,"column":70}},"116":{"start":{"line":365,"column":12},"end":{"line":365,"column":29}},"117":{"start":{"line":367,"column":27},"end":{"line":367,"column":71}},"118":{"start":{"line":368,"column":24},"end":{"line":368,"column":79}},"119":{"start":{"line":369,"column":8},"end":{"line":369,"column":71}},"120":{"start":{"line":372,"column":4},"end":{"line":389,"column":7}},"121":{"start":{"line":373,"column":21},"end":{"line":377,"column":9}},"122":{"start":{"line":379,"column":28},"end":{"line":379,"column":30}},"123":{"start":{"line":380,"column":8},"end":{"line":385,"column":9}},"124":{"start":{"line":381,"column":12},"end":{"line":381,"column":70}},"125":{"start":{"line":384,"column":12},"end":{"line":384,"column":29}},"126":{"start":{"line":386,"column":27},"end":{"line":386,"column":71}},"127":{"start":{"line":387,"column":24},"end":{"line":387,"column":86}},"128":{"start":{"line":388,"column":8},"end":{"line":388,"column":71}},"129":{"start":{"line":391,"column":4},"end":{"line":407,"column":7}},"130":{"start":{"line":392,"column":21},"end":{"line":395,"column":9}},"131":{"start":{"line":397,"column":28},"end":{"line":397,"column":30}},"132":{"start":{"line":398,"column":8},"end":{"line":403,"column":9}},"133":{"start":{"line":399,"column":12},"end":{"line":399,"column":70}},"134":{"start":{"line":402,"column":12},"end":{"line":402,"column":29}},"135":{"start":{"line":404,"column":27},"end":{"line":404,"column":71}},"136":{"start":{"line":405,"column":24},"end":{"line":405,"column":78}},"137":{"start":{"line":406,"column":8},"end":{"line":406,"column":71}},"138":{"start":{"line":409,"column":4},"end":{"line":424,"column":7}},"139":{"start":{"line":410,"column":21},"end":{"line":412,"column":9}},"140":{"start":{"line":414,"column":28},"end":{"line":414,"column":30}},"141":{"start":{"line":415,"column":8},"end":{"line":420,"column":9}},"142":{"start":{"line":416,"column":12},"end":{"line":416,"column":70}},"143":{"start":{"line":419,"column":12},"end":{"line":419,"column":29}},"144":{"start":{"line":421,"column":27},"end":{"line":421,"column":67}},"145":{"start":{"line":422,"column":24},"end":{"line":422,"column":82}},"146":{"start":{"line":423,"column":8},"end":{"line":423,"column":71}},"147":{"start":{"line":426,"column":4},"end":{"line":443,"column":7}},"148":{"start":{"line":427,"column":21},"end":{"line":431,"column":9}},"149":{"start":{"line":433,"column":28},"end":{"line":433,"column":30}},"150":{"start":{"line":434,"column":8},"end":{"line":439,"column":9}},"151":{"start":{"line":435,"column":12},"end":{"line":435,"column":70}},"152":{"start":{"line":438,"column":12},"end":{"line":438,"column":29}},"153":{"start":{"line":440,"column":27},"end":{"line":440,"column":67}},"154":{"start":{"line":441,"column":24},"end":{"line":441,"column":77}},"155":{"start":{"line":442,"column":8},"end":{"line":442,"column":71}},"156":{"start":{"line":445,"column":4},"end":{"line":461,"column":7}},"157":{"start":{"line":446,"column":21},"end":{"line":449,"column":9}},"158":{"start":{"line":451,"column":28},"end":{"line":451,"column":30}},"159":{"start":{"line":452,"column":8},"end":{"line":457,"column":9}},"160":{"start":{"line":453,"column":12},"end":{"line":453,"column":70}},"161":{"start":{"line":456,"column":12},"end":{"line":456,"column":29}},"162":{"start":{"line":458,"column":27},"end":{"line":458,"column":67}},"163":{"start":{"line":459,"column":24},"end":{"line":459,"column":76}},"164":{"start":{"line":460,"column":8},"end":{"line":460,"column":71}},"165":{"start":{"line":463,"column":4},"end":{"line":479,"column":7}},"166":{"start":{"line":464,"column":21},"end":{"line":467,"column":9}},"167":{"start":{"line":469,"column":28},"end":{"line":469,"column":30}},"168":{"start":{"line":470,"column":8},"end":{"line":475,"column":9}},"169":{"start":{"line":471,"column":12},"end":{"line":471,"column":70}},"170":{"start":{"line":474,"column":12},"end":{"line":474,"column":29}},"171":{"start":{"line":476,"column":27},"end":{"line":476,"column":67}},"172":{"start":{"line":477,"column":24},"end":{"line":477,"column":82}},"173":{"start":{"line":478,"column":8},"end":{"line":478,"column":71}},"174":{"start":{"line":481,"column":4},"end":{"line":496,"column":7}},"175":{"start":{"line":482,"column":21},"end":{"line":484,"column":9}},"176":{"start":{"line":486,"column":28},"end":{"line":486,"column":30}},"177":{"start":{"line":487,"column":8},"end":{"line":492,"column":9}},"178":{"start":{"line":488,"column":12},"end":{"line":488,"column":70}},"179":{"start":{"line":491,"column":12},"end":{"line":491,"column":29}},"180":{"start":{"line":493,"column":27},"end":{"line":493,"column":80}},"181":{"start":{"line":494,"column":24},"end":{"line":494,"column":78}},"182":{"start":{"line":495,"column":8},"end":{"line":495,"column":71}},"183":{"start":{"line":498,"column":4},"end":{"line":514,"column":7}},"184":{"start":{"line":499,"column":21},"end":{"line":502,"column":9}},"185":{"start":{"line":504,"column":28},"end":{"line":504,"column":30}},"186":{"start":{"line":505,"column":8},"end":{"line":510,"column":9}},"187":{"start":{"line":506,"column":12},"end":{"line":506,"column":70}},"188":{"start":{"line":509,"column":12},"end":{"line":509,"column":29}},"189":{"start":{"line":511,"column":27},"end":{"line":511,"column":80}},"190":{"start":{"line":512,"column":24},"end":{"line":512,"column":80}},"191":{"start":{"line":513,"column":8},"end":{"line":513,"column":71}},"192":{"start":{"line":518,"column":8},"end":{"line":556,"column":10}},"193":{"start":{"line":519,"column":28},"end":{"line":519,"column":29}},"194":{"start":{"line":520,"column":26},"end":{"line":520,"column":31}},"195":{"start":{"line":521,"column":28},"end":{"line":528,"column":13}},"196":{"start":{"line":522,"column":16},"end":{"line":527,"column":17}},"197":{"start":{"line":523,"column":20},"end":{"line":523,"column":35}},"198":{"start":{"line":524,"column":20},"end":{"line":524,"column":32}},"199":{"start":{"line":525,"column":20},"end":{"line":525,"column":43}},"200":{"start":{"line":526,"column":20},"end":{"line":526,"column":27}},"201":{"start":{"line":530,"column":25},"end":{"line":536,"column":13}},"202":{"start":{"line":531,"column":16},"end":{"line":531,"column":28}},"203":{"start":{"line":532,"column":16},"end":{"line":535,"column":17}},"204":{"start":{"line":533,"column":20},"end":{"line":533,"column":55}},"205":{"start":{"line":534,"column":20},"end":{"line":534,"column":32}},"206":{"start":{"line":538,"column":12},"end":{"line":555,"column":13}},"207":{"start":{"line":539,"column":16},"end":{"line":554,"column":17}},"208":{"start":{"line":540,"column":35},"end":{"line":540,"column":37}},"209":{"start":{"line":541,"column":20},"end":{"line":543,"column":21}},"210":{"start":{"line":542,"column":24},"end":{"line":542,"column":121}},"211":{"start":{"line":544,"column":20},"end":{"line":546,"column":37}},"212":{"start":{"line":545,"column":43},"end":{"line":545,"column":61}},"213":{"start":{"line":549,"column":20},"end":{"line":553,"column":21}},"214":{"start":{"line":550,"column":24},"end":{"line":552,"column":41}},"215":{"start":{"line":560,"column":8},"end":{"line":560,"column":88}},"216":{"start":{"line":563,"column":8},"end":{"line":574,"column":43}},"217":{"start":{"line":565,"column":29},"end":{"line":565,"column":42}},"218":{"start":{"line":567,"column":12},"end":{"line":570,"column":13}},"219":{"start":{"line":568,"column":16},"end":{"line":568,"column":53}},"220":{"start":{"line":569,"column":16},"end":{"line":569,"column":55}},"221":{"start":{"line":572,"column":12},"end":{"line":572,"column":63}},"222":{"start":{"line":574,"column":30},"end":{"line":574,"column":41}},"223":{"start":{"line":578,"column":8},"end":{"line":580,"column":11}},"224":{"start":{"line":579,"column":12},"end":{"line":579,"column":46}},"225":{"start":{"line":581,"column":8},"end":{"line":589,"column":9}},"226":{"start":{"line":582,"column":12},"end":{"line":582,"column":32}},"227":{"start":{"line":584,"column":13},"end":{"line":589,"column":9}},"228":{"start":{"line":585,"column":12},"end":{"line":585,"column":58}},"229":{"start":{"line":588,"column":12},"end":{"line":588,"column":53}},"230":{"start":{"line":593,"column":8},"end":{"line":595,"column":10}},"231":{"start":{"line":594,"column":12},"end":{"line":594,"column":59}},"232":{"start":{"line":600,"column":28},"end":{"line":600,"column":30}},"233":{"start":{"line":601,"column":23},"end":{"line":619,"column":10}},"234":{"start":{"line":602,"column":25},"end":{"line":602,"column":39}},"235":{"start":{"line":603,"column":12},"end":{"line":618,"column":13}},"236":{"start":{"line":605,"column":20},"end":{"line":605,"column":35}},"237":{"start":{"line":607,"column":20},"end":{"line":607,"column":178}},"238":{"start":{"line":609,"column":20},"end":{"line":609,"column":179}},"239":{"start":{"line":611,"column":20},"end":{"line":611,"column":179}},"240":{"start":{"line":613,"column":20},"end":{"line":613,"column":171}},"241":{"start":{"line":615,"column":20},"end":{"line":615,"column":175}},"242":{"start":{"line":617,"column":20},"end":{"line":617,"column":47}},"243":{"start":{"line":620,"column":8},"end":{"line":622,"column":9}},"244":{"start":{"line":621,"column":12},"end":{"line":621,"column":63}},"245":{"start":{"line":623,"column":8},"end":{"line":623,"column":22}},"246":{"start":{"line":627,"column":0},"end":{"line":627,"column":40}}},"fnMap":{"0":{"name":"RegisterRoutes","decl":{"start":{"line":151,"column":9},"end":{"line":151,"column":23}},"loc":{"start":{"line":151,"column":29},"end":{"line":626,"column":1}},"line":151},"1":{"name":"(anonymous_1)","decl":{"start":{"line":156,"column":33},"end":{"line":156,"column":34}},"loc":{"start":{"line":156,"column":68},"end":{"line":171,"column":5}},"line":156},"2":{"name":"(anonymous_2)","decl":{"start":{"line":173,"column":30},"end":{"line":173,"column":31}},"loc":{"start":{"line":173,"column":65},"end":{"line":188,"column":5}},"line":173},"3":{"name":"(anonymous_3)","decl":{"start":{"line":190,"column":109},"end":{"line":190,"column":110}},"loc":{"start":{"line":190,"column":144},"end":{"line":207,"column":5}},"line":190},"4":{"name":"(anonymous_4)","decl":{"start":{"line":209,"column":78},"end":{"line":209,"column":79}},"loc":{"start":{"line":209,"column":113},"end":{"line":224,"column":5}},"line":209},"5":{"name":"(anonymous_5)","decl":{"start":{"line":226,"column":122},"end":{"line":226,"column":123}},"loc":{"start":{"line":226,"column":157},"end":{"line":243,"column":5}},"line":226},"6":{"name":"(anonymous_6)","decl":{"start":{"line":245,"column":87},"end":{"line":245,"column":88}},"loc":{"start":{"line":245,"column":122},"end":{"line":261,"column":5}},"line":245},"7":{"name":"(anonymous_7)","decl":{"start":{"line":263,"column":95},"end":{"line":263,"column":96}},"loc":{"start":{"line":263,"column":130},"end":{"line":280,"column":5}},"line":263},"8":{"name":"(anonymous_8)","decl":{"start":{"line":282,"column":98},"end":{"line":282,"column":99}},"loc":{"start":{"line":282,"column":133},"end":{"line":298,"column":5}},"line":282},"9":{"name":"(anonymous_9)","decl":{"start":{"line":300,"column":87},"end":{"line":300,"column":88}},"loc":{"start":{"line":300,"column":122},"end":{"line":316,"column":5}},"line":300},"10":{"name":"(anonymous_10)","decl":{"start":{"line":318,"column":86},"end":{"line":318,"column":87}},"loc":{"start":{"line":318,"column":121},"end":{"line":333,"column":5}},"line":318},"11":{"name":"(anonymous_11)","decl":{"start":{"line":335,"column":82},"end":{"line":335,"column":83}},"loc":{"start":{"line":335,"column":117},"end":{"line":351,"column":5}},"line":335},"12":{"name":"(anonymous_12)","decl":{"start":{"line":353,"column":104},"end":{"line":353,"column":105}},"loc":{"start":{"line":353,"column":139},"end":{"line":370,"column":5}},"line":353},"13":{"name":"(anonymous_13)","decl":{"start":{"line":372,"column":110},"end":{"line":372,"column":111}},"loc":{"start":{"line":372,"column":145},"end":{"line":389,"column":5}},"line":372},"14":{"name":"(anonymous_14)","decl":{"start":{"line":391,"column":83},"end":{"line":391,"column":84}},"loc":{"start":{"line":391,"column":118},"end":{"line":407,"column":5}},"line":391},"15":{"name":"(anonymous_15)","decl":{"start":{"line":409,"column":102},"end":{"line":409,"column":103}},"loc":{"start":{"line":409,"column":137},"end":{"line":424,"column":5}},"line":409},"16":{"name":"(anonymous_16)","decl":{"start":{"line":426,"column":111},"end":{"line":426,"column":112}},"loc":{"start":{"line":426,"column":146},"end":{"line":443,"column":5}},"line":426},"17":{"name":"(anonymous_17)","decl":{"start":{"line":445,"column":88},"end":{"line":445,"column":89}},"loc":{"start":{"line":445,"column":123},"end":{"line":461,"column":5}},"line":445},"18":{"name":"(anonymous_18)","decl":{"start":{"line":463,"column":95},"end":{"line":463,"column":96}},"loc":{"start":{"line":463,"column":130},"end":{"line":479,"column":5}},"line":463},"19":{"name":"(anonymous_19)","decl":{"start":{"line":481,"column":28},"end":{"line":481,"column":29}},"loc":{"start":{"line":481,"column":63},"end":{"line":496,"column":5}},"line":481},"20":{"name":"(anonymous_20)","decl":{"start":{"line":498,"column":79},"end":{"line":498,"column":80}},"loc":{"start":{"line":498,"column":114},"end":{"line":514,"column":5}},"line":498},"21":{"name":"authenticateMiddleware","decl":{"start":{"line":517,"column":13},"end":{"line":517,"column":35}},"loc":{"start":{"line":517,"column":51},"end":{"line":557,"column":5}},"line":517},"22":{"name":"(anonymous_22)","decl":{"start":{"line":518,"column":15},"end":{"line":518,"column":16}},"loc":{"start":{"line":518,"column":45},"end":{"line":556,"column":9}},"line":518},"23":{"name":"(anonymous_23)","decl":{"start":{"line":521,"column":28},"end":{"line":521,"column":29}},"loc":{"start":{"line":521,"column":44},"end":{"line":528,"column":13}},"line":521},"24":{"name":"(anonymous_24)","decl":{"start":{"line":530,"column":25},"end":{"line":530,"column":26}},"loc":{"start":{"line":530,"column":42},"end":{"line":536,"column":13}},"line":530},"25":{"name":"(anonymous_25)","decl":{"start":{"line":545,"column":30},"end":{"line":545,"column":31}},"loc":{"start":{"line":545,"column":41},"end":{"line":545,"column":63}},"line":545},"26":{"name":"isController","decl":{"start":{"line":559,"column":13},"end":{"line":559,"column":25}},"loc":{"start":{"line":559,"column":34},"end":{"line":561,"column":5}},"line":559},"27":{"name":"promiseHandler","decl":{"start":{"line":562,"column":13},"end":{"line":562,"column":27}},"loc":{"start":{"line":562,"column":83},"end":{"line":575,"column":5}},"line":562},"28":{"name":"(anonymous_28)","decl":{"start":{"line":564,"column":18},"end":{"line":564,"column":19}},"loc":{"start":{"line":564,"column":28},"end":{"line":573,"column":9}},"line":564},"29":{"name":"(anonymous_29)","decl":{"start":{"line":574,"column":19},"end":{"line":574,"column":20}},"loc":{"start":{"line":574,"column":30},"end":{"line":574,"column":41}},"line":574},"30":{"name":"returnHandler","decl":{"start":{"line":577,"column":13},"end":{"line":577,"column":26}},"loc":{"start":{"line":577,"column":69},"end":{"line":590,"column":5}},"line":577},"31":{"name":"(anonymous_31)","decl":{"start":{"line":578,"column":37},"end":{"line":578,"column":38}},"loc":{"start":{"line":578,"column":47},"end":{"line":580,"column":9}},"line":578},"32":{"name":"responder","decl":{"start":{"line":592,"column":13},"end":{"line":592,"column":22}},"loc":{"start":{"line":592,"column":33},"end":{"line":596,"column":5}},"line":592},"33":{"name":"(anonymous_33)","decl":{"start":{"line":593,"column":15},"end":{"line":593,"column":16}},"loc":{"start":{"line":593,"column":48},"end":{"line":595,"column":9}},"line":593},"34":{"name":"getValidatedArgs","decl":{"start":{"line":599,"column":13},"end":{"line":599,"column":29}},"loc":{"start":{"line":599,"column":55},"end":{"line":624,"column":5}},"line":599},"35":{"name":"(anonymous_35)","decl":{"start":{"line":601,"column":45},"end":{"line":601,"column":46}},"loc":{"start":{"line":601,"column":54},"end":{"line":619,"column":9}},"line":601}},"branchMap":{"0":{"loc":{"start":{"line":517,"column":36},"end":{"line":517,"column":49}},"type":"default-arg","locations":[{"start":{"line":517,"column":47},"end":{"line":517,"column":49}}],"line":517},"1":{"loc":{"start":{"line":522,"column":16},"end":{"line":527,"column":17}},"type":"if","locations":[{"start":{"line":522,"column":16},"end":{"line":527,"column":17}},{"start":{"line":522,"column":16},"end":{"line":527,"column":17}}],"line":522},"2":{"loc":{"start":{"line":532,"column":16},"end":{"line":535,"column":17}},"type":"if","locations":[{"start":{"line":532,"column":16},"end":{"line":535,"column":17}},{"start":{"line":532,"column":16},"end":{"line":535,"column":17}}],"line":532},"3":{"loc":{"start":{"line":532,"column":20},"end":{"line":532,"column":60}},"type":"binary-expr","locations":[{"start":{"line":532,"column":20},"end":{"line":532,"column":48}},{"start":{"line":532,"column":52},"end":{"line":532,"column":60}}],"line":532},"4":{"loc":{"start":{"line":533,"column":35},"end":{"line":533,"column":54}},"type":"binary-expr","locations":[{"start":{"line":533,"column":35},"end":{"line":533,"column":47}},{"start":{"line":533,"column":51},"end":{"line":533,"column":54}}],"line":533},"5":{"loc":{"start":{"line":539,"column":16},"end":{"line":554,"column":17}},"type":"if","locations":[{"start":{"line":539,"column":16},"end":{"line":554,"column":17}},{"start":{"line":539,"column":16},"end":{"line":554,"column":17}}],"line":539},"6":{"loc":{"start":{"line":560,"column":15},"end":{"line":560,"column":87}},"type":"binary-expr","locations":[{"start":{"line":560,"column":15},"end":{"line":560,"column":37}},{"start":{"line":560,"column":41},"end":{"line":560,"column":62}},{"start":{"line":560,"column":66},"end":{"line":560,"column":87}}],"line":560},"7":{"loc":{"start":{"line":567,"column":12},"end":{"line":570,"column":13}},"type":"if","locations":[{"start":{"line":567,"column":12},"end":{"line":570,"column":13}},{"start":{"line":567,"column":12},"end":{"line":570,"column":13}}],"line":567},"8":{"loc":{"start":{"line":577,"column":55},"end":{"line":577,"column":67}},"type":"default-arg","locations":[{"start":{"line":577,"column":65},"end":{"line":577,"column":67}}],"line":577},"9":{"loc":{"start":{"line":581,"column":8},"end":{"line":589,"column":9}},"type":"if","locations":[{"start":{"line":581,"column":8},"end":{"line":589,"column":9}},{"start":{"line":581,"column":8},"end":{"line":589,"column":9}}],"line":581},"10":{"loc":{"start":{"line":581,"column":12},"end":{"line":581,"column":104}},"type":"binary-expr","locations":[{"start":{"line":581,"column":12},"end":{"line":581,"column":16}},{"start":{"line":581,"column":20},"end":{"line":581,"column":51}},{"start":{"line":581,"column":55},"end":{"line":581,"column":68}},{"start":{"line":581,"column":72},"end":{"line":581,"column":104}}],"line":581},"11":{"loc":{"start":{"line":584,"column":13},"end":{"line":589,"column":9}},"type":"if","locations":[{"start":{"line":584,"column":13},"end":{"line":589,"column":9}},{"start":{"line":584,"column":13},"end":{"line":589,"column":9}}],"line":584},"12":{"loc":{"start":{"line":584,"column":17},"end":{"line":584,"column":39}},"type":"binary-expr","locations":[{"start":{"line":584,"column":17},"end":{"line":584,"column":21}},{"start":{"line":584,"column":25},"end":{"line":584,"column":39}}],"line":584},"13":{"loc":{"start":{"line":585,"column":28},"end":{"line":585,"column":45}},"type":"binary-expr","locations":[{"start":{"line":585,"column":28},"end":{"line":585,"column":38}},{"start":{"line":585,"column":42},"end":{"line":585,"column":45}}],"line":585},"14":{"loc":{"start":{"line":588,"column":28},"end":{"line":588,"column":45}},"type":"binary-expr","locations":[{"start":{"line":588,"column":28},"end":{"line":588,"column":38}},{"start":{"line":588,"column":42},"end":{"line":588,"column":45}}],"line":588},"15":{"loc":{"start":{"line":603,"column":12},"end":{"line":618,"column":13}},"type":"switch","locations":[{"start":{"line":604,"column":16},"end":{"line":605,"column":35}},{"start":{"line":606,"column":16},"end":{"line":607,"column":178}},{"start":{"line":608,"column":16},"end":{"line":609,"column":179}},{"start":{"line":610,"column":16},"end":{"line":611,"column":179}},{"start":{"line":612,"column":16},"end":{"line":613,"column":171}},{"start":{"line":614,"column":16},"end":{"line":615,"column":175}},{"start":{"line":616,"column":16},"end":{"line":617,"column":47}}],"line":603},"16":{"loc":{"start":{"line":620,"column":8},"end":{"line":622,"column":9}},"type":"if","locations":[{"start":{"line":620,"column":8},"end":{"line":622,"column":9}},{"start":{"line":620,"column":8},"end":{"line":622,"column":9}}],"line":620}},"s":{"0":1,"1":1,"2":1,"3":1,"4":1,"5":1,"6":1,"7":1,"8":1,"9":1,"10":1,"11":1,"12":1,"13":8,"14":8,"15":8,"16":8,"17":0,"18":8,"19":8,"20":8,"21":1,"22":0,"23":0,"24":0,"25":0,"26":0,"27":0,"28":0,"29":0,"30":1,"31":0,"32":0,"33":0,"34":0,"35":0,"36":0,"37":0,"38":0,"39":1,"40":1,"41":1,"42":1,"43":1,"44":0,"45":1,"46":1,"47":1,"48":1,"49":1,"50":1,"51":1,"52":1,"53":0,"54":1,"55":1,"56":1,"57":1,"58":17,"59":17,"60":17,"61":17,"62":0,"63":17,"64":17,"65":17,"66":1,"67":1,"68":1,"69":1,"70":1,"71":0,"72":1,"73":1,"74":1,"75":1,"76":1,"77":1,"78":1,"79":1,"80":0,"81":1,"82":1,"83":1,"84":1,"85":1,"86":1,"87":1,"88":1,"89":0,"90":1,"91":1,"92":1,"93":1,"94":2,"95":2,"96":2,"97":2,"98":0,"99":2,"100":2,"101":2,"102":1,"103":1,"104":1,"105":1,"106":1,"107":0,"108":1,"109":1,"110":1,"111":1,"112":0,"113":0,"114":0,"115":0,"116":0,"117":0,"118":0,"119":0,"120":1,"121":0,"122":0,"123":0,"124":0,"125":0,"126":0,"127":0,"128":0,"129":1,"130":0,"131":0,"132":0,"133":0,"134":0,"135":0,"136":0,"137":0,"138":1,"139":0,"140":0,"141":0,"142":0,"143":0,"144":0,"145":0,"146":0,"147":1,"148":5,"149":5,"150":5,"151":5,"152":0,"153":5,"154":5,"155":5,"156":1,"157":3,"158":3,"159":3,"160":3,"161":0,"162":3,"163":3,"164":3,"165":1,"166":0,"167":0,"168":0,"169":0,"170":0,"171":0,"172":0,"173":0,"174":1,"175":0,"176":0,"177":0,"178":0,"179":0,"180":0,"181":0,"182":0,"183":1,"184":4,"185":4,"186":4,"187":4,"188":0,"189":4,"190":4,"191":4,"192":17,"193":38,"194":38,"195":38,"196":37,"197":37,"198":37,"199":37,"200":37,"201":38,"202":1,"203":1,"204":1,"205":1,"206":38,"207":38,"208":0,"209":0,"210":0,"211":0,"212":0,"213":38,"214":38,"215":39,"216":45,"217":39,"218":39,"219":39,"220":39,"221":39,"222":6,"223":39,"224":0,"225":39,"226":0,"227":39,"228":35,"229":4,"230":0,"231":0,"232":45,"233":45,"234":86,"235":86,"236":36,"237":0,"238":18,"239":0,"240":32,"241":0,"242":0,"243":45,"244":0,"245":45,"246":1},"f":{"0":1,"1":8,"2":0,"3":0,"4":1,"5":1,"6":17,"7":1,"8":1,"9":1,"10":2,"11":1,"12":0,"13":0,"14":0,"15":0,"16":5,"17":3,"18":0,"19":0,"20":4,"21":17,"22":38,"23":37,"24":1,"25":0,"26":39,"27":45,"28":39,"29":6,"30":39,"31":0,"32":0,"33":0,"34":45,"35":86},"b":{"0":[0],"1":[37,0],"2":[1,0],"3":[1,1],"4":[1,0],"5":[0,38],"6":[39,39,39],"7":[39,0],"8":[0],"9":[0,39],"10":[39,35,0,0],"11":[35,4],"12":[39,4],"13":[35,21],"14":[4,4],"15":[36,0,18,0,32,0,0],"16":[0,45]},"inputSourceMap":{"version":3,"file":"D:/Avans/blok11/Cloud Services/Eindopdracht/src/api/routes.ts","sources":["D:/Avans/blok11/Cloud Services/Eindopdracht/src/api/routes.ts"],"names":[],"mappings":";;;AAAA,oBAAoB;AACpB,oBAAoB;AACpB,oJAAoJ;AACpJ,2CAA0I;AAC1I,oJAAoJ;AACpJ,qFAAgF;AAChF,oJAAoJ;AACpJ,iFAA4E;AAC5E,oJAAoJ;AACpJ,qEAAiE;AACjE,oJAAoJ;AACpJ,yEAAqE;AACrE,oJAAoJ;AACpJ,qEAAiE;AACjE,oJAAoJ;AACpJ,mFAA8E;AAC9E,sFAA+E;AAG/E,oJAAoJ;AAEpJ,MAAM,MAAM,GAAqB;IAC7B,WAAW,EAAE;QACT,UAAU,EAAE,WAAW;QACvB,YAAY,EAAE;YACV,KAAK,EAAE,EAAC,UAAU,EAAC,QAAQ,EAAC,UAAU,EAAC,IAAI,EAAC;YAC5C,OAAO,EAAE,EAAC,UAAU,EAAC,QAAQ,EAAC,UAAU,EAAC,IAAI,EAAC;SACjD;QACD,sBAAsB,EAAE,KAAK;KAChC;IACD,oJAAoJ;IACpJ,QAAQ,EAAE;QACN,UAAU,EAAE,WAAW;QACvB,YAAY,EAAE;YACV,KAAK,EAAE,EAAC,UAAU,EAAC,QAAQ,EAAC,UAAU,EAAC,IAAI,EAAC;YAC5C,OAAO,EAAE,EAAC,UAAU,EAAC,QAAQ,EAAC,UAAU,EAAC,IAAI,EAAC;SACjD;QACD,sBAAsB,EAAE,KAAK;KAChC;IACD,oJAAoJ;IACpJ,UAAU,EAAE;QACR,UAAU,EAAE,WAAW;QACvB,YAAY,EAAE;YACV,MAAM,EAAE,EAAC,UAAU,EAAC,QAAQ,EAAC,UAAU,EAAC,IAAI,EAAC;YAC7C,QAAQ,EAAE,EAAC,UAAU,EAAC,QAAQ,EAAC,UAAU,EAAC,IAAI,EAAC;YAC/C,aAAa,EAAE,EAAC,UAAU,EAAC,QAAQ,EAAC;YACpC,iBAAiB,EAAE,EAAC,UAAU,EAAC,OAAO,EAAC,OAAO,EAAC,EAAC,KAAK,EAAC,WAAW,EAAC,EAAC;YACnE,SAAS,EAAE,EAAC,UAAU,EAAC,OAAO,EAAC,OAAO,EAAC,EAAC,KAAK,EAAC,QAAQ,EAAC,EAAC;YACxD,MAAM,EAAE,EAAC,UAAU,EAAC,KAAK,EAAC;SAC7B;QACD,sBAAsB,EAAE,KAAK;KAChC;IACD,oJAAoJ;IACpJ,UAAU,EAAE;QACR,UAAU,EAAE,WAAW;QACvB,YAAY,EAAE;YACV,KAAK,EAAE,EAAC,UAAU,EAAC,QAAQ,EAAC;YAC5B,SAAS,EAAE,EAAC,UAAU,EAAC,QAAQ,EAAC;YAChC,OAAO,EAAE,EAAC,UAAU,EAAC,QAAQ,EAAC,UAAU,EAAC,IAAI,EAAC;YAC9C,SAAS,EAAE,EAAC,UAAU,EAAC,QAAQ,EAAC,UAAU,EAAC,IAAI,EAAC;YAChD,QAAQ,EAAE,EAAC,KAAK,EAAC,UAAU,EAAC,UAAU,EAAC,IAAI,EAAC;SAC/C;QACD,sBAAsB,EAAE,KAAK;KAChC;IACD,oJAAoJ;IACpJ,SAAS,EAAE;QACP,UAAU,EAAE,WAAW;QACvB,YAAY,EAAE;YACV,KAAK,EAAE,EAAC,UAAU,EAAC,QAAQ,EAAC;YAC5B,OAAO,EAAE,EAAC,UAAU,EAAC,QAAQ,EAAC,UAAU,EAAC,IAAI,EAAC;YAC9C,UAAU,EAAE,EAAC,UAAU,EAAC,QAAQ,EAAC,UAAU,EAAC,IAAI,EAAC;YACjD,WAAW,EAAE,EAAC,UAAU,EAAC,QAAQ,EAAC,UAAU,EAAC,IAAI,EAAC;YAClD,UAAU,EAAE,EAAC,UAAU,EAAC,QAAQ,EAAC;YACjC,MAAM,EAAE,EAAC,UAAU,EAAC,QAAQ,EAAC;YAC7B,SAAS,EAAE,EAAC,UAAU,EAAC,QAAQ,EAAC;YAChC,UAAU,EAAE,EAAC,UAAU,EAAC,QAAQ,EAAC;YACjC,QAAQ,EAAE,EAAC,UAAU,EAAC,OAAO,EAAC,OAAO,EAAC,EAAC,KAAK,EAAC,UAAU,EAAC,EAAC;YACzD,SAAS,EAAE,EAAC,UAAU,EAAC,OAAO,EAAC,OAAO,EAAC,EAAC,UAAU,EAAC,QAAQ,EAAC,EAAC;YAC7D,SAAS,EAAE,EAAC,UAAU,EAAC,QAAQ,EAAC;SACnC;QACD,sBAAsB,EAAE,KAAK;KAChC;IACD,oJAAoJ;IACpJ,aAAa,EAAE;QACX,UAAU,EAAE,WAAW;QACvB,YAAY,EAAE;YACV,OAAO,EAAE,EAAC,UAAU,EAAC,QAAQ,EAAC,UAAU,EAAC,IAAI,EAAC;YAC9C,UAAU,EAAE,EAAC,UAAU,EAAC,QAAQ,EAAC,UAAU,EAAC,IAAI,EAAC;SACpD;QACD,sBAAsB,EAAE,KAAK;KAChC;IACD,oJAAoJ;IACpJ,gBAAgB,EAAE;QACd,UAAU,EAAE,WAAW;QACvB,YAAY,EAAE;YACV,OAAO,EAAE,EAAC,UAAU,EAAC,QAAQ,EAAC,UAAU,EAAC,IAAI,EAAC;YAC9C,OAAO,EAAE,EAAC,UAAU,EAAC,OAAO,EAAC,OAAO,EAAC,EAAC,KAAK,EAAC,SAAS,EAAC,EAAC,UAAU,EAAC,IAAI,EAAC;SAC1E;QACD,sBAAsB,EAAE,KAAK;KAChC;IACD,oJAAoJ;IACpJ,aAAa,EAAE;QACX,UAAU,EAAE,WAAW;QACvB,YAAY,EAAE;YACV,SAAS,EAAE,EAAC,UAAU,EAAC,QAAQ,EAAC,UAAU,EAAC,IAAI,EAAC;YAChD,WAAW,EAAE,EAAC,UAAU,EAAC,KAAK,EAAC,UAAU,EAAC,IAAI,EAAC;SAClD;QACD,sBAAsB,EAAE,KAAK;KAChC;IACD,oJAAoJ;IACpJ,SAAS,EAAE;QACP,UAAU,EAAE,WAAW;QACvB,YAAY,EAAE;YACV,OAAO,EAAE,EAAC,UAAU,EAAC,QAAQ,EAAC,UAAU,EAAC,IAAI,EAAC;SACjD;QACD,sBAAsB,EAAE,KAAK;KAChC;IACD,oJAAoJ;IACpJ,YAAY,EAAE;QACV,UAAU,EAAE,WAAW;QACvB,YAAY,EAAE;YACV,KAAK,EAAE,EAAC,UAAU,EAAC,QAAQ,EAAC;YAC5B,SAAS,EAAE,EAAC,UAAU,EAAC,QAAQ,EAAC;YAChC,QAAQ,EAAE,EAAC,UAAU,EAAC,QAAQ,EAAC;YAC/B,YAAY,EAAE,EAAC,UAAU,EAAC,QAAQ,EAAC;SACtC;QACD,sBAAsB,EAAE,KAAK;KAChC;IACD,oJAAoJ;IACpJ,iBAAiB,EAAE;QACf,UAAU,EAAE,WAAW;QACvB,YAAY,EAAE;YACV,OAAO,EAAE,EAAC,UAAU,EAAC,QAAQ,EAAC,UAAU,EAAC,IAAI,EAAC;YAC9C,QAAQ,EAAE,EAAC,UAAU,EAAC,OAAO,EAAC,OAAO,EAAC,EAAC,KAAK,EAAC,UAAU,EAAC,EAAC;SAC5D;QACD,sBAAsB,EAAE,KAAK;KAChC;IACD,oJAAoJ;IACpJ,iBAAiB,EAAE;QACf,UAAU,EAAE,WAAW;QACvB,YAAY,EAAE;YACV,SAAS,EAAE,EAAC,UAAU,EAAC,QAAQ,EAAC,UAAU,EAAC,IAAI,EAAC;YAChD,gBAAgB,EAAE,EAAC,UAAU,EAAC,QAAQ,EAAC,UAAU,EAAC,IAAI,EAAC;YACvD,WAAW,EAAE,EAAC,UAAU,EAAC,KAAK,EAAC,UAAU,EAAC,IAAI,EAAC;SAClD;QACD,sBAAsB,EAAE,KAAK;KAChC;CAEJ,CAAC;AACF,MAAM,iBAAiB,GAAG,IAAI,2BAAiB,CAAC,MAAM,CAAC,CAAC;AAExD,oJAAoJ;AAEpJ,SAAgB,cAAc,CAAC,GAAmB;IAC9C,8GAA8G;IAC9G,mIAAmI;IACnI,2HAA2H;IAC3H,8GAA8G;IAC1G,GAAG,CAAC,IAAI,CAAC,kBAAkB,EACvB,UAAU,OAAY,EAAE,QAAa,EAAE,IAAS;QAChD,MAAM,IAAI,GAAG;YACL,IAAI,EAAE,EAAC,IAAI,EAAC,MAAM,EAAC,MAAM,EAAC,MAAM,EAAC,UAAU,EAAC,IAAI,EAAC,KAAK,EAAC,SAAS,EAAC;SACxE,CAAC;QAEF,oJAAoJ;QAEpJ,IAAI,aAAa,GAAU,EAAE,CAAC;QAC9B,IAAI;YACA,aAAa,GAAG,gBAAgB,CAAC,IAAI,EAAE,OAAO,EAAE,QAAQ,CAAC,CAAC;SAC7D;QAAC,OAAO,GAAG,EAAE;YACV,OAAO,IAAI,CAAC,GAAG,CAAC,CAAC;SACpB;QAED,MAAM,UAAU,GAAG,IAAI,iDAAsB,EAAE,CAAC;QAGhD,MAAM,OAAO,GAAG,UAAU,CAAC,aAAa,CAAC,KAAK,CAAC,UAAU,EAAE,aAAoB,CAAC,CAAC;QACjF,cAAc,CAAC,UAAU,EAAE,OAAO,EAAE,QAAQ,EAAE,SAAS,EAAE,IAAI,CAAC,CAAC;IACnE,CAAC,CAAC,CAAC;IACH,oJAAoJ;IACpJ,GAAG,CAAC,IAAI,CAAC,eAAe,EACpB,UAAU,OAAY,EAAE,QAAa,EAAE,IAAS;QAChD,MAAM,IAAI,GAAG;YACL,WAAW,EAAE,EAAC,IAAI,EAAC,MAAM,EAAC,MAAM,EAAC,aAAa,EAAC,UAAU,EAAC,IAAI,EAAC,KAAK,EAAC,aAAa,EAAC;SAC1F,CAAC;QAEF,oJAAoJ;QAEpJ,IAAI,aAAa,GAAU,EAAE,CAAC;QAC9B,IAAI;YACA,aAAa,GAAG,gBAAgB,CAAC,IAAI,EAAE,OAAO,EAAE,QAAQ,CAAC,CAAC;SAC7D;QAAC,OAAO,GAAG,EAAE;YACV,OAAO,IAAI,CAAC,GAAG,CAAC,CAAC;SACpB;QAED,MAAM,UAAU,GAAG,IAAI,iDAAsB,EAAE,CAAC;QAGhD,MAAM,OAAO,GAAG,UAAU,CAAC,UAAU,CAAC,KAAK,CAAC,UAAU,EAAE,aAAoB,CAAC,CAAC;QAC9E,cAAc,CAAC,UAAU,EAAE,OAAO,EAAE,QAAQ,EAAE,SAAS,EAAE,IAAI,CAAC,CAAC;IACnE,CAAC,CAAC,CAAC;IACH,oJAAoJ;IACpJ,GAAG,CAAC,GAAG,CAAC,+CAA+C,EACnD,sBAAsB,CAAC,CAAC,EAAC,KAAK,EAAC,CAAC,OAAO,CAAC,EAAC,CAAC,CAAC,EAC3C,UAAU,OAAY,EAAE,QAAa,EAAE,IAAS;QAChD,MAAM,IAAI,GAAG;YACL,OAAO,EAAE,EAAC,IAAI,EAAC,SAAS,EAAC,MAAM,EAAC,SAAS,EAAC,UAAU,EAAC,IAAI,EAAC,UAAU,EAAC,QAAQ,EAAC;YAC9E,UAAU,EAAE,EAAC,IAAI,EAAC,MAAM,EAAC,MAAM,EAAC,YAAY,EAAC,UAAU,EAAC,IAAI,EAAC,UAAU,EAAC,QAAQ,EAAC;YACjF,QAAQ,EAAE,EAAC,IAAI,EAAC,MAAM,EAAC,MAAM,EAAC,UAAU,EAAC,UAAU,EAAC,IAAI,EAAC,UAAU,EAAC,QAAQ,EAAC;SACpF,CAAC;QAEF,oJAAoJ;QAEpJ,IAAI,aAAa,GAAU,EAAE,CAAC;QAC9B,IAAI;YACA,aAAa,GAAG,gBAAgB,CAAC,IAAI,EAAE,OAAO,EAAE,QAAQ,CAAC,CAAC;SAC7D;QAAC,OAAO,GAAG,EAAE;YACV,OAAO,IAAI,CAAC,GAAG,CAAC,CAAC;SACpB;QAED,MAAM,UAAU,GAAG,IAAI,iDAAsB,EAAE,CAAC;QAGhD,MAAM,OAAO,GAAG,UAAU,CAAC,iBAAiB,CAAC,KAAK,CAAC,UAAU,EAAE,aAAoB,CAAC,CAAC;QACrF,cAAc,CAAC,UAAU,EAAE,OAAO,EAAE,QAAQ,EAAE,SAAS,EAAE,IAAI,CAAC,CAAC;IACnE,CAAC,CAAC,CAAC;IACH,oJAAoJ;IACpJ,GAAG,CAAC,GAAG,CAAC,gBAAgB,EACpB,sBAAsB,CAAC,CAAC,EAAC,KAAK,EAAC,CAAC,OAAO,CAAC,EAAC,CAAC,CAAC,EAC3C,UAAU,OAAY,EAAE,QAAa,EAAE,IAAS;QAChD,MAAM,IAAI,GAAG;YACL,OAAO,EAAE,EAAC,IAAI,EAAC,SAAS,EAAC,MAAM,EAAC,SAAS,EAAC,UAAU,EAAC,IAAI,EAAC,UAAU,EAAC,QAAQ,EAAC;SACrF,CAAC;QAEF,oJAAoJ;QAEpJ,IAAI,aAAa,GAAU,EAAE,CAAC;QAC9B,IAAI;YACA,aAAa,GAAG,gBAAgB,CAAC,IAAI,EAAE,OAAO,EAAE,QAAQ,CAAC,CAAC;SAC7D;QAAC,OAAO,GAAG,EAAE;YACV,OAAO,IAAI,CAAC,GAAG,CAAC,CAAC;SACpB;QAED,MAAM,UAAU,GAAG,IAAI,iDAAsB,EAAE,CAAC;QAGhD,MAAM,OAAO,GAAG,UAAU,CAAC,UAAU,CAAC,KAAK,CAAC,UAAU,EAAE,aAAoB,CAAC,CAAC;QAC9E,cAAc,CAAC,UAAU,EAAE,OAAO,EAAE,QAAQ,EAAE,SAAS,EAAE,IAAI,CAAC,CAAC;IACnE,CAAC,CAAC,CAAC;IACH,oJAAoJ;IACpJ,GAAG,CAAC,GAAG,CAAC,oDAAoD,EACxD,sBAAsB,CAAC,CAAC,EAAC,KAAK,EAAC,CAAC,OAAO,EAAC,MAAM,CAAC,EAAC,CAAC,CAAC,EAClD,UAAU,OAAY,EAAE,QAAa,EAAE,IAAS;QAChD,MAAM,IAAI,GAAG;YACL,OAAO,EAAE,EAAC,IAAI,EAAC,MAAM,EAAC,MAAM,EAAC,SAAS,EAAC,UAAU,EAAC,IAAI,EAAC,UAAU,EAAC,QAAQ,EAAC;YAC3E,OAAO,EAAE,EAAC,IAAI,EAAC,MAAM,EAAC,MAAM,EAAC,SAAS,EAAC,UAAU,EAAC,IAAI,EAAC,UAAU,EAAC,QAAQ,EAAC;YAC3E,SAAS,EAAE,EAAC,IAAI,EAAC,MAAM,EAAC,MAAM,EAAC,WAAW,EAAC,UAAU,EAAC,IAAI,EAAC,UAAU,EAAC,QAAQ,EAAC;SACtF,CAAC;QAEF,oJAAoJ;QAEpJ,IAAI,aAAa,GAAU,EAAE,CAAC;QAC9B,IAAI;YACA,aAAa,GAAG,gBAAgB,CAAC,IAAI,EAAE,OAAO,EAAE,QAAQ,CAAC,CAAC;SAC7D;QAAC,OAAO,GAAG,EAAE;YACV,OAAO,IAAI,CAAC,GAAG,CAAC,CAAC;SACpB;QAED,MAAM,UAAU,GAAG,IAAI,iDAAsB,EAAE,CAAC;QAGhD,MAAM,OAAO,GAAG,UAAU,CAAC,wBAAwB,CAAC,KAAK,CAAC,UAAU,EAAE,aAAoB,CAAC,CAAC;QAC5F,cAAc,CAAC,UAAU,EAAE,OAAO,EAAE,QAAQ,EAAE,SAAS,EAAE,IAAI,CAAC,CAAC;IACnE,CAAC,CAAC,CAAC;IACH,oJAAoJ;IACpJ,GAAG,CAAC,IAAI,CAAC,wBAAwB,EAC7B,sBAAsB,CAAC,CAAC,EAAC,KAAK,EAAC,CAAC,OAAO,CAAC,EAAC,CAAC,CAAC,EAC3C,UAAU,OAAY,EAAE,QAAa,EAAE,IAAS;QAChD,MAAM,IAAI,GAAG;YACL,OAAO,EAAE,EAAC,IAAI,EAAC,SAAS,EAAC,MAAM,EAAC,SAAS,EAAC,UAAU,EAAC,IAAI,EAAC,UAAU,EAAC,QAAQ,EAAC;YAC9E,QAAQ,EAAE,EAAC,IAAI,EAAC,MAAM,EAAC,MAAM,EAAC,UAAU,EAAC,UAAU,EAAC,IAAI,EAAC,KAAK,EAAC,UAAU,EAAC;SACjF,CAAC;QAEF,oJAAoJ;QAEpJ,IAAI,aAAa,GAAU,EAAE,CAAC;QAC9B,IAAI;YACA,aAAa,GAAG,gBAAgB,CAAC,IAAI,EAAE,OAAO,EAAE,QAAQ,CAAC,CAAC;SAC7D;QAAC,OAAO,GAAG,EAAE;YACV,OAAO,IAAI,CAAC,GAAG,CAAC,CAAC;SACpB;QAED,MAAM,UAAU,GAAG,IAAI,6CAAoB,EAAE,CAAC;QAG9C,MAAM,OAAO,GAAG,UAAU,CAAC,aAAa,CAAC,KAAK,CAAC,UAAU,EAAE,aAAoB,CAAC,CAAC;QACjF,cAAc,CAAC,UAAU,EAAE,OAAO,EAAE,QAAQ,EAAE,SAAS,EAAE,IAAI,CAAC,CAAC;IACnE,CAAC,CAAC,CAAC;IACH,oJAAoJ;IACpJ,GAAG,CAAC,GAAG,CAAC,iCAAiC,EACrC,sBAAsB,CAAC,CAAC,EAAC,KAAK,EAAC,CAAC,OAAO,CAAC,EAAC,CAAC,CAAC,EAC3C,UAAU,OAAY,EAAE,QAAa,EAAE,IAAS;QAChD,MAAM,IAAI,GAAG;YACL,OAAO,EAAE,EAAC,IAAI,EAAC,SAAS,EAAC,MAAM,EAAC,SAAS,EAAC,UAAU,EAAC,IAAI,EAAC,UAAU,EAAC,QAAQ,EAAC;YAC9E,OAAO,EAAE,EAAC,IAAI,EAAC,MAAM,EAAC,MAAM,EAAC,SAAS,EAAC,UAAU,EAAC,IAAI,EAAC,UAAU,EAAC,QAAQ,EAAC;YAC3E,QAAQ,EAAE,EAAC,IAAI,EAAC,MAAM,EAAC,MAAM,EAAC,UAAU,EAAC,UAAU,EAAC,IAAI,EAAC,KAAK,EAAC,UAAU,EAAC;SACjF,CAAC;QAEF,oJAAoJ;QAEpJ,IAAI,aAAa,GAAU,EAAE,CAAC;QAC9B,IAAI;YACA,aAAa,GAAG,gBAAgB,CAAC,IAAI,EAAE,OAAO,EAAE,QAAQ,CAAC,CAAC;SAC7D;QAAC,OAAO,GAAG,EAAE;YACV,OAAO,IAAI,CAAC,GAAG,CAAC,CAAC;SACpB;QAED,MAAM,UAAU,GAAG,IAAI,6CAAoB,EAAE,CAAC;QAG9C,MAAM,OAAO,GAAG,UAAU,CAAC,aAAa,CAAC,KAAK,CAAC,UAAU,EAAE,aAAoB,CAAC,CAAC;QACjF,cAAc,CAAC,UAAU,EAAE,OAAO,EAAE,QAAQ,EAAE,SAAS,EAAE,IAAI,CAAC,CAAC;IACnE,CAAC,CAAC,CAAC;IACH,oJAAoJ;IACpJ,GAAG,CAAC,MAAM,CAAC,iCAAiC,EACxC,sBAAsB,CAAC,CAAC,EAAC,KAAK,EAAC,CAAC,OAAO,CAAC,EAAC,CAAC,CAAC,EAC3C,UAAU,OAAY,EAAE,QAAa,EAAE,IAAS;QAChD,MAAM,IAAI,GAAG;YACL,OAAO,EAAE,EAAC,IAAI,EAAC,SAAS,EAAC,MAAM,EAAC,SAAS,EAAC,UAAU,EAAC,IAAI,EAAC,UAAU,EAAC,QAAQ,EAAC;YAC9E,OAAO,EAAE,EAAC,IAAI,EAAC,MAAM,EAAC,MAAM,EAAC,SAAS,EAAC,UAAU,EAAC,IAAI,EAAC,UAAU,EAAC,QAAQ,EAAC;SAClF,CAAC;QAEF,oJAAoJ;QAEpJ,IAAI,aAAa,GAAU,EAAE,CAAC;QAC9B,IAAI;YACA,aAAa,GAAG,gBAAgB,CAAC,IAAI,EAAE,OAAO,EAAE,QAAQ,CAAC,CAAC;SAC7D;QAAC,OAAO,GAAG,EAAE;YACV,OAAO,IAAI,CAAC,GAAG,CAAC,CAAC;SACpB;QAED,MAAM,UAAU,GAAG,IAAI,6CAAoB,EAAE,CAAC;QAG9C,MAAM,OAAO,GAAG,UAAU,CAAC,aAAa,CAAC,KAAK,CAAC,UAAU,EAAE,aAAoB,CAAC,CAAC;QACjF,cAAc,CAAC,UAAU,EAAE,OAAO,EAAE,QAAQ,EAAE,SAAS,EAAE,IAAI,CAAC,CAAC;IACnE,CAAC,CAAC,CAAC;IACH,oJAAoJ;IACpJ,GAAG,CAAC,IAAI,CAAC,gBAAgB,EACrB,sBAAsB,CAAC,CAAC,EAAC,KAAK,EAAC,CAAC,OAAO,EAAC,MAAM,CAAC,EAAC,CAAC,CAAC,EAClD,UAAU,OAAY,EAAE,QAAa,EAAE,IAAS;QAChD,MAAM,IAAI,GAAG;YACL,OAAO,EAAE,EAAC,IAAI,EAAC,SAAS,EAAC,MAAM,EAAC,SAAS,EAAC,UAAU,EAAC,IAAI,EAAC,UAAU,EAAC,QAAQ,EAAC;YAC9E,OAAO,EAAE,EAAC,IAAI,EAAC,MAAM,EAAC,MAAM,EAAC,SAAS,EAAC,UAAU,EAAC,IAAI,EAAC,KAAK,EAAC,SAAS,EAAC;SAC9E,CAAC;QAEF,oJAAoJ;QAEpJ,IAAI,aAAa,GAAU,EAAE,CAAC;QAC9B,IAAI;YACA,aAAa,GAAG,gBAAgB,CAAC,IAAI,EAAE,OAAO,EAAE,QAAQ,CAAC,CAAC;SAC7D;QAAC,OAAO,GAAG,EAAE;YACV,OAAO,IAAI,CAAC,GAAG,CAAC,CAAC;SACpB;QAED,MAAM,UAAU,GAAG,IAAI,kCAAe,EAAE,CAAC;QAGzC,MAAM,OAAO,GAAG,UAAU,CAAC,OAAO,CAAC,KAAK,CAAC,UAAU,EAAE,aAAoB,CAAC,CAAC;QAC3E,cAAc,CAAC,UAAU,EAAE,OAAO,EAAE,QAAQ,EAAE,SAAS,EAAE,IAAI,CAAC,CAAC;IACnE,CAAC,CAAC,CAAC;IACH,oJAAoJ;IACpJ,GAAG,CAAC,GAAG,CAAC,gBAAgB,EACpB,sBAAsB,CAAC,CAAC,EAAC,KAAK,EAAC,CAAC,OAAO,EAAC,MAAM,CAAC,EAAC,CAAC,CAAC,EAClD,UAAU,OAAY,EAAE,QAAa,EAAE,IAAS;QAChD,MAAM,IAAI,GAAG;YACL,OAAO,EAAE,EAAC,IAAI,EAAC,SAAS,EAAC,MAAM,EAAC,SAAS,EAAC,UAAU,EAAC,IAAI,EAAC,UAAU,EAAC,QAAQ,EAAC;SACrF,CAAC;QAEF,oJAAoJ;QAEpJ,IAAI,aAAa,GAAU,EAAE,CAAC;QAC9B,IAAI;YACA,aAAa,GAAG,gBAAgB,CAAC,IAAI,EAAE,OAAO,EAAE,QAAQ,CAAC,CAAC;SAC7D;QAAC,OAAO,GAAG,EAAE;YACV,OAAO,IAAI,CAAC,GAAG,CAAC,CAAC;SACpB;QAED,MAAM,UAAU,GAAG,IAAI,kCAAe,EAAE,CAAC;QAGzC,MAAM,OAAO,GAAG,UAAU,CAAC,UAAU,CAAC,KAAK,CAAC,UAAU,EAAE,aAAoB,CAAC,CAAC;QAC9E,cAAc,CAAC,UAAU,EAAE,OAAO,EAAE,QAAQ,EAAE,SAAS,EAAE,IAAI,CAAC,CAAC;IACnE,CAAC,CAAC,CAAC;IACH,oJAAoJ;IACpJ,GAAG,CAAC,IAAI,CAAC,oBAAoB,EACzB,sBAAsB,CAAC,CAAC,EAAC,KAAK,EAAC,CAAC,MAAM,CAAC,EAAC,CAAC,CAAC,EAC1C,UAAU,OAAY,EAAE,QAAa,EAAE,IAAS;QAChD,MAAM,IAAI,GAAG;YACL,OAAO,EAAE,EAAC,IAAI,EAAC,SAAS,EAAC,MAAM,EAAC,SAAS,EAAC,UAAU,EAAC,IAAI,EAAC,UAAU,EAAC,QAAQ,EAAC;YAC9E,UAAU,EAAE,EAAC,IAAI,EAAC,MAAM,EAAC,MAAM,EAAC,YAAY,EAAC,UAAU,EAAC,IAAI,EAAC,KAAK,EAAC,YAAY,EAAC;SACvF,CAAC;QAEF,oJAAoJ;QAEpJ,IAAI,aAAa,GAAU,EAAE,CAAC;QAC9B,IAAI;YACA,aAAa,GAAG,gBAAgB,CAAC,IAAI,EAAE,OAAO,EAAE,QAAQ,CAAC,CAAC;SAC7D;QAAC,OAAO,GAAG,EAAE;YACV,OAAO,IAAI,CAAC,GAAG,CAAC,CAAC;SACpB;QAED,MAAM,UAAU,GAAG,IAAI,sCAAiB,EAAE,CAAC;QAG3C,MAAM,OAAO,GAAG,UAAU,CAAC,aAAa,CAAC,KAAK,CAAC,UAAU,EAAE,aAAoB,CAAC,CAAC;QACjF,cAAc,CAAC,UAAU,EAAE,OAAO,EAAE,QAAQ,EAAE,SAAS,EAAE,IAAI,CAAC,CAAC;IACnE,CAAC,CAAC,CAAC;IACH,oJAAoJ;IACpJ,GAAG,CAAC,GAAG,CAAC,2CAA2C,EAC/C,sBAAsB,CAAC,CAAC,EAAC,KAAK,EAAC,CAAC,MAAM,CAAC,EAAC,CAAC,CAAC,EAC1C,UAAU,OAAY,EAAE,QAAa,EAAE,IAAS;QAChD,MAAM,IAAI,GAAG;YACL,OAAO,EAAE,EAAC,IAAI,EAAC,SAAS,EAAC,MAAM,EAAC,SAAS,EAAC,UAAU,EAAC,IAAI,EAAC,UAAU,EAAC,QAAQ,EAAC;YAC9E,UAAU,EAAE,EAAC,SAAS,EAAC,CAAC,EAAC,IAAI,EAAC,MAAM,EAAC,MAAM,EAAC,YAAY,EAAC,UAAU,EAAC,IAAI,EAAC,UAAU,EAAC,QAAQ,EAAC;YAC7F,QAAQ,EAAE,EAAC,SAAS,EAAC,EAAE,EAAC,IAAI,EAAC,MAAM,EAAC,MAAM,EAAC,UAAU,EAAC,UAAU,EAAC,IAAI,EAAC,UAAU,EAAC,QAAQ,EAAC;SACjG,CAAC;QAEF,oJAAoJ;QAEpJ,IAAI,aAAa,GAAU,EAAE,CAAC;QAC9B,IAAI;YACA,aAAa,GAAG,gBAAgB,CAAC,IAAI,EAAE,OAAO,EAAE,QAAQ,CAAC,CAAC;SAC7D;QAAC,OAAO,GAAG,EAAE;YACV,OAAO,IAAI,CAAC,GAAG,CAAC,CAAC;SACpB;QAED,MAAM,UAAU,GAAG,IAAI,sCAAiB,EAAE,CAAC;QAG3C,MAAM,OAAO,GAAG,UAAU,CAAC,WAAW,CAAC,KAAK,CAAC,UAAU,EAAE,aAAoB,CAAC,CAAC;QAC/E,cAAc,CAAC,UAAU,EAAE,OAAO,EAAE,QAAQ,EAAE,SAAS,EAAE,IAAI,CAAC,CAAC;IACnE,CAAC,CAAC,CAAC;IACH,oJAAoJ;IACpJ,GAAG,CAAC,GAAG,CAAC,iDAAiD,EACrD,sBAAsB,CAAC,CAAC,EAAC,KAAK,EAAC,CAAC,MAAM,CAAC,EAAC,CAAC,CAAC,EAC1C,UAAU,OAAY,EAAE,QAAa,EAAE,IAAS;QAChD,MAAM,IAAI,GAAG;YACL,OAAO,EAAE,EAAC,IAAI,EAAC,SAAS,EAAC,MAAM,EAAC,SAAS,EAAC,UAAU,EAAC,IAAI,EAAC,UAAU,EAAC,QAAQ,EAAC;YAC9E,UAAU,EAAE,EAAC,SAAS,EAAC,CAAC,EAAC,IAAI,EAAC,MAAM,EAAC,MAAM,EAAC,YAAY,EAAC,UAAU,EAAC,IAAI,EAAC,UAAU,EAAC,QAAQ,EAAC;YAC7F,QAAQ,EAAE,EAAC,SAAS,EAAC,EAAE,EAAC,IAAI,EAAC,MAAM,EAAC,MAAM,EAAC,UAAU,EAAC,UAAU,EAAC,IAAI,EAAC,UAAU,EAAC,QAAQ,EAAC;SACjG,CAAC;QAEF,oJAAoJ;QAEpJ,IAAI,aAAa,GAAU,EAAE,CAAC;QAC9B,IAAI;YACA,aAAa,GAAG,gBAAgB,CAAC,IAAI,EAAE,OAAO,EAAE,QAAQ,CAAC,CAAC;SAC7D;QAAC,OAAO,GAAG,EAAE;YACV,OAAO,IAAI,CAAC,GAAG,CAAC,CAAC;SACpB;QAED,MAAM,UAAU,GAAG,IAAI,sCAAiB,EAAE,CAAC;QAG3C,MAAM,OAAO,GAAG,UAAU,CAAC,kBAAkB,CAAC,KAAK,CAAC,UAAU,EAAE,aAAoB,CAAC,CAAC;QACtF,cAAc,CAAC,UAAU,EAAE,OAAO,EAAE,QAAQ,EAAE,SAAS,EAAE,IAAI,CAAC,CAAC;IACnE,CAAC,CAAC,CAAC;IACH,oJAAoJ;IACpJ,GAAG,CAAC,GAAG,CAAC,sBAAsB,EAC1B,sBAAsB,CAAC,CAAC,EAAC,KAAK,EAAC,CAAC,MAAM,CAAC,EAAC,CAAC,CAAC,EAC1C,UAAU,OAAY,EAAE,QAAa,EAAE,IAAS;QAChD,MAAM,IAAI,GAAG;YACL,OAAO,EAAE,EAAC,IAAI,EAAC,SAAS,EAAC,MAAM,EAAC,SAAS,EAAC,UAAU,EAAC,IAAI,EAAC,UAAU,EAAC,QAAQ,EAAC;YAC9E,SAAS,EAAE,EAAC,IAAI,EAAC,MAAM,EAAC,MAAM,EAAC,WAAW,EAAC,UAAU,EAAC,IAAI,EAAC,UAAU,EAAC,QAAQ,EAAC;SACtF,CAAC;QAEF,oJAAoJ;QAEpJ,IAAI,aAAa,GAAU,EAAE,CAAC;QAC9B,IAAI;YACA,aAAa,GAAG,gBAAgB,CAAC,IAAI,EAAE,OAAO,EAAE,QAAQ,CAAC,CAAC;SAC7D;QAAC,OAAO,GAAG,EAAE;YACV,OAAO,IAAI,CAAC,GAAG,CAAC,CAAC;SACpB;QAED,MAAM,UAAU,GAAG,IAAI,sCAAiB,EAAE,CAAC;QAG3C,MAAM,OAAO,GAAG,UAAU,CAAC,UAAU,CAAC,KAAK,CAAC,UAAU,EAAE,aAAoB,CAAC,CAAC;QAC9E,cAAc,CAAC,UAAU,EAAE,OAAO,EAAE,QAAQ,EAAE,SAAS,EAAE,IAAI,CAAC,CAAC;IACnE,CAAC,CAAC,CAAC;IACH,oJAAoJ;IACpJ,GAAG,CAAC,IAAI,CAAC,+BAA+B,EACpC,sBAAsB,CAAC,CAAC,EAAC,KAAK,EAAC,CAAC,OAAO,EAAC,MAAM,CAAC,EAAC,CAAC,CAAC,EAClD,UAAU,OAAY,EAAE,QAAa,EAAE,IAAS;QAChD,MAAM,IAAI,GAAG;YACL,OAAO,EAAE,EAAC,IAAI,EAAC,SAAS,EAAC,MAAM,EAAC,SAAS,EAAC,UAAU,EAAC,IAAI,EAAC,UAAU,EAAC,QAAQ,EAAC;SACrF,CAAC;QAEF,oJAAoJ;QAEpJ,IAAI,aAAa,GAAU,EAAE,CAAC;QAC9B,IAAI;YACA,aAAa,GAAG,gBAAgB,CAAC,IAAI,EAAE,OAAO,EAAE,QAAQ,CAAC,CAAC;SAC7D;QAAC,OAAO,GAAG,EAAE;YACV,OAAO,IAAI,CAAC,GAAG,CAAC,CAAC;SACpB;QAED,MAAM,UAAU,GAAG,IAAI,kCAAe,EAAE,CAAC;QAGzC,MAAM,OAAO,GAAG,UAAU,CAAC,cAAc,CAAC,KAAK,CAAC,UAAU,EAAE,aAAoB,CAAC,CAAC;QAClF,cAAc,CAAC,UAAU,EAAE,OAAO,EAAE,QAAQ,EAAE,SAAS,EAAE,IAAI,CAAC,CAAC;IACnE,CAAC,CAAC,CAAC;IACH,oJAAoJ;IACpJ,GAAG,CAAC,GAAG,CAAC,yCAAyC,EAC7C,sBAAsB,CAAC,CAAC,EAAC,KAAK,EAAC,CAAC,OAAO,EAAC,MAAM,CAAC,EAAC,CAAC,CAAC,EAClD,UAAU,OAAY,EAAE,QAAa,EAAE,IAAS;QAChD,MAAM,IAAI,GAAG;YACL,OAAO,EAAE,EAAC,IAAI,EAAC,SAAS,EAAC,MAAM,EAAC,SAAS,EAAC,UAAU,EAAC,IAAI,EAAC,UAAU,EAAC,QAAQ,EAAC;YAC9E,UAAU,EAAE,EAAC,IAAI,EAAC,MAAM,EAAC,MAAM,EAAC,YAAY,EAAC,UAAU,EAAC,IAAI,EAAC,UAAU,EAAC,QAAQ,EAAC;YACjF,QAAQ,EAAE,EAAC,IAAI,EAAC,MAAM,EAAC,MAAM,EAAC,UAAU,EAAC,UAAU,EAAC,IAAI,EAAC,UAAU,EAAC,QAAQ,EAAC;SACpF,CAAC;QAEF,oJAAoJ;QAEpJ,IAAI,aAAa,GAAU,EAAE,CAAC;QAC9B,IAAI;YACA,aAAa,GAAG,gBAAgB,CAAC,IAAI,EAAE,OAAO,EAAE,QAAQ,CAAC,CAAC;SAC7D;QAAC,OAAO,GAAG,EAAE;YACV,OAAO,IAAI,CAAC,GAAG,CAAC,CAAC;SACpB;QAED,MAAM,UAAU,GAAG,IAAI,kCAAe,EAAE,CAAC;QAGzC,MAAM,OAAO,GAAG,UAAU,CAAC,SAAS,CAAC,KAAK,CAAC,UAAU,EAAE,aAAoB,CAAC,CAAC;QAC7E,cAAc,CAAC,UAAU,EAAE,OAAO,EAAE,QAAQ,EAAE,SAAS,EAAE,IAAI,CAAC,CAAC;IACnE,CAAC,CAAC,CAAC;IACH,oJAAoJ;IACpJ,GAAG,CAAC,GAAG,CAAC,kBAAkB,EACtB,sBAAsB,CAAC,CAAC,EAAC,KAAK,EAAC,CAAC,OAAO,EAAC,MAAM,CAAC,EAAC,CAAC,CAAC,EAClD,UAAU,OAAY,EAAE,QAAa,EAAE,IAAS;QAChD,MAAM,IAAI,GAAG;YACL,OAAO,EAAE,EAAC,IAAI,EAAC,SAAS,EAAC,MAAM,EAAC,SAAS,EAAC,UAAU,EAAC,IAAI,EAAC,UAAU,EAAC,QAAQ,EAAC;YAC9E,OAAO,EAAE,EAAC,IAAI,EAAC,MAAM,EAAC,MAAM,EAAC,SAAS,EAAC,UAAU,EAAC,IAAI,EAAC,UAAU,EAAC,QAAQ,EAAC;SAClF,CAAC;QAEF,oJAAoJ;QAEpJ,IAAI,aAAa,GAAU,EAAE,CAAC;QAC9B,IAAI;YACA,aAAa,GAAG,gBAAgB,CAAC,IAAI,EAAE,OAAO,EAAE,QAAQ,CAAC,CAAC;SAC7D;QAAC,OAAO,GAAG,EAAE;YACV,OAAO,IAAI,CAAC,GAAG,CAAC,CAAC;SACpB;QAED,MAAM,UAAU,GAAG,IAAI,kCAAe,EAAE,CAAC;QAGzC,MAAM,OAAO,GAAG,UAAU,CAAC,QAAQ,CAAC,KAAK,CAAC,UAAU,EAAE,aAAoB,CAAC,CAAC;QAC5E,cAAc,CAAC,UAAU,EAAE,OAAO,EAAE,QAAQ,EAAE,SAAS,EAAE,IAAI,CAAC,CAAC;IACnE,CAAC,CAAC,CAAC;IACH,oJAAoJ;IACpJ,GAAG,CAAC,GAAG,CAAC,yBAAyB,EAC7B,sBAAsB,CAAC,CAAC,EAAC,KAAK,EAAC,CAAC,OAAO,EAAC,MAAM,CAAC,EAAC,CAAC,CAAC,EAClD,UAAU,OAAY,EAAE,QAAa,EAAE,IAAS;QAChD,MAAM,IAAI,GAAG;YACL,OAAO,EAAE,EAAC,IAAI,EAAC,SAAS,EAAC,MAAM,EAAC,SAAS,EAAC,UAAU,EAAC,IAAI,EAAC,UAAU,EAAC,QAAQ,EAAC;YAC9E,OAAO,EAAE,EAAC,IAAI,EAAC,MAAM,EAAC,MAAM,EAAC,SAAS,EAAC,UAAU,EAAC,IAAI,EAAC,UAAU,EAAC,QAAQ,EAAC;SAClF,CAAC;QAEF,oJAAoJ;QAEpJ,IAAI,aAAa,GAAU,EAAE,CAAC;QAC9B,IAAI;YACA,aAAa,GAAG,gBAAgB,CAAC,IAAI,EAAE,OAAO,EAAE,QAAQ,CAAC,CAAC;SAC7D;QAAC,OAAO,GAAG,EAAE;YACV,OAAO,IAAI,CAAC,GAAG,CAAC,CAAC;SACpB;QAED,MAAM,UAAU,GAAG,IAAI,kCAAe,EAAE,CAAC;QAGzC,MAAM,OAAO,GAAG,UAAU,CAAC,cAAc,CAAC,KAAK,CAAC,UAAU,EAAE,aAAoB,CAAC,CAAC;QAClF,cAAc,CAAC,UAAU,EAAE,OAAO,EAAE,QAAQ,EAAE,SAAS,EAAE,IAAI,CAAC,CAAC;IACnE,CAAC,CAAC,CAAC;IACH,oJAAoJ;IACpJ,GAAG,CAAC,IAAI,CAAC,aAAa,EAClB,UAAU,OAAY,EAAE,QAAa,EAAE,IAAS;QAChD,MAAM,IAAI,GAAG;YACL,WAAW,EAAE,EAAC,IAAI,EAAC,MAAM,EAAC,MAAM,EAAC,aAAa,EAAC,UAAU,EAAC,IAAI,EAAC,KAAK,EAAC,aAAa,EAAC;SAC1F,CAAC;QAEF,oJAAoJ;QAEpJ,IAAI,aAAa,GAAU,EAAE,CAAC;QAC9B,IAAI;YACA,aAAa,GAAG,gBAAgB,CAAC,IAAI,EAAE,OAAO,EAAE,QAAQ,CAAC,CAAC;SAC7D;QAAC,OAAO,GAAG,EAAE;YACV,OAAO,IAAI,CAAC,GAAG,CAAC,CAAC;SACpB;QAED,MAAM,UAAU,GAAG,IAAI,+CAAqB,EAAE,CAAC;QAG/C,MAAM,OAAO,GAAG,UAAU,CAAC,UAAU,CAAC,KAAK,CAAC,UAAU,EAAE,aAAoB,CAAC,CAAC;QAC9E,cAAc,CAAC,UAAU,EAAE,OAAO,EAAE,QAAQ,EAAE,SAAS,EAAE,IAAI,CAAC,CAAC;IACnE,CAAC,CAAC,CAAC;IACH,oJAAoJ;IACpJ,GAAG,CAAC,IAAI,CAAC,gBAAgB,EACrB,sBAAsB,CAAC,CAAC,EAAC,KAAK,EAAC,CAAC,OAAO,CAAC,EAAC,CAAC,CAAC,EAC3C,UAAU,OAAY,EAAE,QAAa,EAAE,IAAS;QAChD,MAAM,IAAI,GAAG;YACL,OAAO,EAAE,EAAC,IAAI,EAAC,SAAS,EAAC,MAAM,EAAC,SAAS,EAAC,UAAU,EAAC,IAAI,EAAC,UAAU,EAAC,QAAQ,EAAC;YAC9E,OAAO,EAAE,EAAC,IAAI,EAAC,MAAM,EAAC,MAAM,EAAC,SAAS,EAAC,UAAU,EAAC,IAAI,EAAC,KAAK,EAAC,SAAS,EAAC;SAC9E,CAAC;QAEF,oJAAoJ;QAEpJ,IAAI,aAAa,GAAU,EAAE,CAAC;QAC9B,IAAI;YACA,aAAa,GAAG,gBAAgB,CAAC,IAAI,EAAE,OAAO,EAAE,QAAQ,CAAC,CAAC;SAC7D;QAAC,OAAO,GAAG,EAAE;YACV,OAAO,IAAI,CAAC,GAAG,CAAC,CAAC;SACpB;QAED,MAAM,UAAU,GAAG,IAAI,+CAAqB,EAAE,CAAC;QAG/C,MAAM,OAAO,GAAG,UAAU,CAAC,YAAY,CAAC,KAAK,CAAC,UAAU,EAAE,aAAoB,CAAC,CAAC;QAChF,cAAc,CAAC,UAAU,EAAE,OAAO,EAAE,QAAQ,EAAE,SAAS,EAAE,IAAI,CAAC,CAAC;IACnE,CAAC,CAAC,CAAC;IACH,oJAAoJ;IAExJ,oJAAoJ;IAEpJ,SAAS,sBAAsB,CAAC,WAAiC,EAAE;QAC/D,OAAO,CAAC,OAAY,EAAE,SAAc,EAAE,IAAS,EAAE,EAAE;YAC/C,IAAI,SAAS,GAAG,CAAC,CAAC;YAClB,IAAI,OAAO,GAAG,KAAK,CAAC;YAEpB,MAAM,OAAO,GAAG,UAAS,IAAS;gBAC9B,IAAI,CAAC,OAAO,EAAE;oBACV,OAAO,GAAG,IAAI,CAAC;oBACf,SAAS,EAAE,CAAC;oBACZ,OAAO,CAAC,MAAM,CAAC,GAAG,IAAI,CAAC;oBACvB,IAAI,EAAE,CAAC;iBACV;YACL,CAAC,CAAA;YAED,oJAAoJ;YAEpJ,MAAM,IAAI,GAAG,UAAS,KAAU;gBAC5B,SAAS,EAAE,CAAC;gBACZ,IAAI,SAAS,IAAI,QAAQ,CAAC,MAAM,IAAI,CAAC,OAAO,EAAE;oBAC1C,KAAK,CAAC,MAAM,GAAG,KAAK,CAAC,MAAM,IAAI,GAAG,CAAC;oBACnC,IAAI,CAAC,KAAK,CAAC,CAAA;iBACd;YACL,CAAC,CAAA;YAED,oJAAoJ;YAEpJ,KAAK,MAAM,SAAS,IAAI,QAAQ,EAAE;gBAC9B,IAAI,MAAM,CAAC,IAAI,CAAC,SAAS,CAAC,CAAC,MAAM,GAAG,CAAC,EAAE;oBACnC,IAAI,QAAQ,GAAmB,EAAE,CAAC;oBAElC,KAAK,MAAM,IAAI,IAAI,SAAS,EAAE;wBAC1B,QAAQ,CAAC,IAAI,CAAC,iDAAqB,CAAC,OAAO,EAAE,IAAI,EAAE,SAAS,CAAC,IAAI,CAAC,CAAC,CAAC,CAAC;qBACxE;oBAED,OAAO,CAAC,GAAG,CAAC,QAAQ,CAAC;yBAChB,IAAI,CAAC,CAAC,KAAK,EAAE,EAAE,GAAG,OAAO,CAAC,KAAK,CAAC,CAAC,CAAC,CAAC,CAAC,CAAC,CAAC,CAAC;yBACvC,KAAK,CAAC,IAAI,CAAC,CAAC;iBACpB;qBAAM;oBACH,KAAK,MAAM,IAAI,IAAI,SAAS,EAAE;wBAC1B,iDAAqB,CAAC,OAAO,EAAE,IAAI,EAAE,SAAS,CAAC,IAAI,CAAC,CAAC;6BAChD,IAAI,CAAC,OAAO,CAAC;6BACb,KAAK,CAAC,IAAI,CAAC,CAAC;qBACpB;iBACJ;aACJ;QACL,CAAC,CAAA;IACL,CAAC;IAED,oJAAoJ;IAEpJ,SAAS,YAAY,CAAC,MAAW;QAC7B,OAAO,YAAY,IAAI,MAAM,IAAI,WAAW,IAAI,MAAM,IAAI,WAAW,IAAI,MAAM,CAAC;IACpF,CAAC;IAED,SAAS,cAAc,CAAC,aAAkB,EAAE,OAAY,EAAE,QAAa,EAAE,aAAkB,EAAE,IAAS;QAClG,OAAO,OAAO,CAAC,OAAO,CAAC,OAAO,CAAC;aAC1B,IAAI,CAAC,CAAC,IAAS,EAAE,EAAE;YAChB,IAAI,UAAU,GAAG,aAAa,CAAC;YAC/B,IAAI,OAAO,CAAC;YACZ,IAAI,YAAY,CAAC,aAAa,CAAC,EAAE;gBAC7B,OAAO,GAAG,aAAa,CAAC,UAAU,EAAE,CAAC;gBACrC,UAAU,GAAG,aAAa,CAAC,SAAS,EAAE,CAAC;aAC1C;YAED,oJAAoJ;YAEpJ,aAAa,CAAC,QAAQ,EAAE,UAAU,EAAE,IAAI,EAAE,OAAO,CAAC,CAAA;QACtD,CAAC,CAAC;aACD,KAAK,CAAC,CAAC,KAAU,EAAE,EAAE,CAAC,IAAI,CAAC,KAAK,CAAC,CAAC,CAAC;IAC5C,CAAC;IAED,oJAAoJ;IAEpJ,SAAS,aAAa,CAAC,QAAa,EAAE,UAAmB,EAAE,IAAU,EAAE,UAAe,EAAE;QACpF,MAAM,CAAC,IAAI,CAAC,OAAO,CAAC,CAAC,OAAO,CAAC,CAAC,IAAY,EAAE,EAAE;YAC1C,QAAQ,CAAC,GAAG,CAAC,IAAI,EAAE,OAAO,CAAC,IAAI,CAAC,CAAC,CAAC;QACtC,CAAC,CAAC,CAAC;QACH,IAAI,IAAI,IAAI,OAAO,IAAI,CAAC,IAAI,KAAK,UAAU,IAAI,IAAI,CAAC,QAAQ,IAAI,OAAO,IAAI,CAAC,KAAK,KAAK,UAAU,EAAE;YAC9F,IAAI,CAAC,IAAI,CAAC,QAAQ,CAAC,CAAC;SACvB;aAAM,IAAI,IAAI,IAAI,IAAI,KAAK,KAAK,EAAE,EAAE,kCAAkC;YACnE,QAAQ,CAAC,MAAM,CAAC,UAAU,IAAI,GAAG,CAAC,CAAC,IAAI,CAAC,IAAI,CAAC,CAAC;SACjD;aAAM;YACH,QAAQ,CAAC,MAAM,CAAC,UAAU,IAAI,GAAG,CAAC,CAAC,GAAG,EAAE,CAAC;SAC5C;IACL,CAAC;IAED,oJAAoJ;IAEpJ,SAAS,SAAS,CAAC,QAAa;QAC5B,OAAO,UAAS,MAAM,EAAE,IAAI,EAAE,OAAO;YACjC,aAAa,CAAC,QAAQ,EAAE,MAAM,EAAE,IAAI,EAAE,OAAO,CAAC,CAAC;QACnD,CAAC,CAAC;IACN,CAAC;IAAA,CAAC;IAEF,oJAAoJ;IAEpJ,SAAS,gBAAgB,CAAC,IAAS,EAAE,OAAY,EAAE,QAAa;QAC5D,MAAM,WAAW,GAAiB,EAAE,CAAC;QACrC,MAAM,MAAM,GAAG,MAAM,CAAC,IAAI,CAAC,IAAI,CAAC,CAAC,GAAG,CAAC,CAAC,GAAG,EAAE,EAAE;YACzC,MAAM,IAAI,GAAG,IAAI,CAAC,GAAG,CAAC,CAAC,IAAI,CAAC;YAC5B,QAAQ,IAAI,CAAC,GAAG,CAAC,CAAC,EAAE,EAAE;gBAClB,KAAK,SAAS;oBACV,OAAO,OAAO,CAAC;gBACnB,KAAK,OAAO;oBACR,OAAO,iBAAiB,CAAC,aAAa,CAAC,IAAI,CAAC,GAAG,CAAC,EAAE,OAAO,CAAC,KAAK,CAAC,IAAI,CAAC,EAAE,IAAI,EAAE,WAAW,EAAE,SAAS,EAAE,EAAC,gCAAgC,EAAC,iBAAiB,EAAC,CAAC,CAAC;gBAC/J,KAAK,MAAM;oBACP,OAAO,iBAAiB,CAAC,aAAa,CAAC,IAAI,CAAC,GAAG,CAAC,EAAE,OAAO,CAAC,MAAM,CAAC,IAAI,CAAC,EAAE,IAAI,EAAE,WAAW,EAAE,SAAS,EAAE,EAAC,gCAAgC,EAAC,iBAAiB,EAAC,CAAC,CAAC;gBAChK,KAAK,QAAQ;oBACT,OAAO,iBAAiB,CAAC,aAAa,CAAC,IAAI,CAAC,GAAG,CAAC,EAAE,OAAO,CAAC,MAAM,CAAC,IAAI,CAAC,EAAE,IAAI,EAAE,WAAW,EAAE,SAAS,EAAE,EAAC,gCAAgC,EAAC,iBAAiB,EAAC,CAAC,CAAC;gBAChK,KAAK,MAAM;oBACP,OAAO,iBAAiB,CAAC,aAAa,CAAC,IAAI,CAAC,GAAG,CAAC,EAAE,OAAO,CAAC,IAAI,EAAE,IAAI,EAAE,WAAW,EAAE,SAAS,EAAE,EAAC,gCAAgC,EAAC,iBAAiB,EAAC,CAAC,CAAC;gBACxJ,KAAK,WAAW;oBACZ,OAAO,iBAAiB,CAAC,aAAa,CAAC,IAAI,CAAC,GAAG,CAAC,EAAE,OAAO,CAAC,IAAI,CAAC,IAAI,CAAC,EAAE,IAAI,EAAE,WAAW,EAAE,OAAO,EAAE,EAAC,gCAAgC,EAAC,iBAAiB,EAAC,CAAC,CAAC;gBAC5J,KAAK,KAAK;oBACN,OAAO,SAAS,CAAC,QAAQ,CAAC,CAAC;aAClC;QACL,CAAC,CAAC,CAAC;QAEH,IAAI,MAAM,CAAC,IAAI,CAAC,WAAW,CAAC,CAAC,MAAM,GAAG,CAAC,EAAE;YACrC,MAAM,IAAI,uBAAa,CAAC,WAAW,EAAE,EAAE,CAAC,CAAC;SAC5C;QACD,OAAO,MAAM,CAAC;IAClB,CAAC;IAED,oJAAoJ;AACxJ,CAAC;AAlmBD,wCAkmBC;AAED,oJAAoJ","sourcesContent":["/* tslint:disable */\n/* eslint-disable */\n// WARNING: This file was auto-generated with tsoa. Please do not modify it. Re-run tsoa to re-generate this file: https://github.com/lukeautry/tsoa\nimport { Controller, ValidationService, FieldErrors, ValidateError, TsoaRoute, HttpStatusCodeLiteral, TsoaResponse } from '@tsoa/runtime';\n// WARNING: This file was auto-generated with tsoa. Please do not modify it. Re-run tsoa to re-generate this file: https://github.com/lukeautry/tsoa\nimport { AdminAccountController } from './controllers/admin-account.controller';\n// WARNING: This file was auto-generated with tsoa. Please do not modify it. Re-run tsoa to re-generate this file: https://github.com/lukeautry/tsoa\nimport { AdminOrderController } from './controllers/admin-order.controller';\n// WARNING: This file was auto-generated with tsoa. Please do not modify it. Re-run tsoa to re-generate this file: https://github.com/lukeautry/tsoa\nimport { FundsController } from './controllers/funds.controller';\n// WARNING: This file was auto-generated with tsoa. Please do not modify it. Re-run tsoa to re-generate this file: https://github.com/lukeautry/tsoa\nimport { InvoiceController } from './controllers/invoice.controller';\n// WARNING: This file was auto-generated with tsoa. Please do not modify it. Re-run tsoa to re-generate this file: https://github.com/lukeautry/tsoa\nimport { OrderController } from './controllers/order.controller';\n// WARNING: This file was auto-generated with tsoa. Please do not modify it. Re-run tsoa to re-generate this file: https://github.com/lukeautry/tsoa\nimport { UserAccountController } from './controllers/user-account.controller';\nimport { expressAuthentication } from './middleware/authentication.middleware';\nimport * as express from 'express';\n\n// WARNING: This file was auto-generated with tsoa. Please do not modify it. Re-run tsoa to re-generate this file: https://github.com/lukeautry/tsoa\n\nconst models: TsoaRoute.Models = {\n    \"Parameter\": {\n        \"dataType\": \"refObject\",\n        \"properties\": {\n            \"key\": {\"dataType\":\"string\",\"required\":true},\n            \"value\": {\"dataType\":\"string\",\"required\":true},\n        },\n        \"additionalProperties\": false,\n    },\n    // WARNING: This file was auto-generated with tsoa. Please do not modify it. Re-run tsoa to re-generate this file: https://github.com/lukeautry/tsoa\n    \"Header\": {\n        \"dataType\": \"refObject\",\n        \"properties\": {\n            \"key\": {\"dataType\":\"string\",\"required\":true},\n            \"value\": {\"dataType\":\"string\",\"required\":true},\n        },\n        \"additionalProperties\": false,\n    },\n    // WARNING: This file was auto-generated with tsoa. Please do not modify it. Re-run tsoa to re-generate this file: https://github.com/lukeautry/tsoa\n    \"Endpoint\": {\n        \"dataType\": \"refObject\",\n        \"properties\": {\n            \"host\": {\"dataType\":\"string\",\"required\":true},\n            \"method\": {\"dataType\":\"string\",\"required\":true},\n            \"requestLine\": {\"dataType\":\"string\"},\n            \"queryParameters\": {\"dataType\":\"array\",\"array\":{\"ref\":\"Parameter\"}},\n            \"headers\": {\"dataType\":\"array\",\"array\":{\"ref\":\"Header\"}},\n            \"body\": {\"dataType\":\"any\"},\n        },\n        \"additionalProperties\": false,\n    },\n    // WARNING: This file was auto-generated with tsoa. Please do not modify it. Re-run tsoa to re-generate this file: https://github.com/lukeautry/tsoa\n    \"OrderMap\": {\n        \"dataType\": \"refObject\",\n        \"properties\": {\n            \"_id\": {\"dataType\":\"double\"},\n            \"adminId\": {\"dataType\":\"double\"},\n            \"price\": {\"dataType\":\"double\",\"required\":true},\n            \"command\": {\"dataType\":\"string\",\"required\":true},\n            \"action\": {\"ref\":\"Endpoint\",\"required\":true},\n        },\n        \"additionalProperties\": false,\n    },\n    // WARNING: This file was auto-generated with tsoa. Please do not modify it. Re-run tsoa to re-generate this file: https://github.com/lukeautry/tsoa\n    \"UserMap\": {\n        \"dataType\": \"refObject\",\n        \"properties\": {\n            \"_id\": {\"dataType\":\"double\"},\n            \"email\": {\"dataType\":\"string\",\"required\":true},\n            \"password\": {\"dataType\":\"string\",\"required\":true},\n            \"firstname\": {\"dataType\":\"string\",\"required\":true},\n            \"lastname\": {\"dataType\":\"string\"},\n            \"role\": {\"dataType\":\"string\"},\n            \"balance\": {\"dataType\":\"double\"},\n            \"language\": {\"dataType\":\"string\"},\n            \"orders\": {\"dataType\":\"array\",\"array\":{\"ref\":\"OrderMap\"}},\n            \"userIds\": {\"dataType\":\"array\",\"array\":{\"dataType\":\"double\"}},\n            \"adminId\": {\"dataType\":\"double\"},\n        },\n        \"additionalProperties\": false,\n    },\n    // WARNING: This file was auto-generated with tsoa. Please do not modify it. Re-run tsoa to re-generate this file: https://github.com/lukeautry/tsoa\n    \"Credentials\": {\n        \"dataType\": \"refObject\",\n        \"properties\": {\n            \"email\": {\"dataType\":\"string\",\"required\":true},\n            \"password\": {\"dataType\":\"string\",\"required\":true},\n        },\n        \"additionalProperties\": false,\n    },\n    // WARNING: This file was auto-generated with tsoa. Please do not modify it. Re-run tsoa to re-generate this file: https://github.com/lukeautry/tsoa\n    \"PaginatedUsers\": {\n        \"dataType\": \"refObject\",\n        \"properties\": {\n            \"total\": {\"dataType\":\"double\",\"required\":true},\n            \"users\": {\"dataType\":\"array\",\"array\":{\"ref\":\"UserMap\"},\"required\":true},\n        },\n        \"additionalProperties\": false,\n    },\n    // WARNING: This file was auto-generated with tsoa. Please do not modify it. Re-run tsoa to re-generate this file: https://github.com/lukeautry/tsoa\n    \"OrderResult\": {\n        \"dataType\": \"refObject\",\n        \"properties\": {\n            \"orderId\": {\"dataType\":\"double\",\"required\":true},\n            \"challenge\": {\"dataType\":\"any\",\"required\":true},\n        },\n        \"additionalProperties\": false,\n    },\n    // WARNING: This file was auto-generated with tsoa. Please do not modify it. Re-run tsoa to re-generate this file: https://github.com/lukeautry/tsoa\n    \"Balance\": {\n        \"dataType\": \"refObject\",\n        \"properties\": {\n            \"value\": {\"dataType\":\"double\",\"required\":true},\n        },\n        \"additionalProperties\": false,\n    },\n    // WARNING: This file was auto-generated with tsoa. Please do not modify it. Re-run tsoa to re-generate this file: https://github.com/lukeautry/tsoa\n    \"InvoiceMap\": {\n        \"dataType\": \"refObject\",\n        \"properties\": {\n            \"_id\": {\"dataType\":\"double\"},\n            \"orderId\": {\"dataType\":\"double\"},\n            \"userId\": {\"dataType\":\"double\"},\n            \"totalPrice\": {\"dataType\":\"double\"},\n        },\n        \"additionalProperties\": false,\n    },\n    // WARNING: This file was auto-generated with tsoa. Please do not modify it. Re-run tsoa to re-generate this file: https://github.com/lukeautry/tsoa\n    \"PaginatedOrders\": {\n        \"dataType\": \"refObject\",\n        \"properties\": {\n            \"total\": {\"dataType\":\"double\",\"required\":true},\n            \"orders\": {\"dataType\":\"array\",\"array\":{\"ref\":\"OrderMap\"}},\n        },\n        \"additionalProperties\": false,\n    },\n    // WARNING: This file was auto-generated with tsoa. Please do not modify it. Re-run tsoa to re-generate this file: https://github.com/lukeautry/tsoa\n    \"ExecutionResult\": {\n        \"dataType\": \"refObject\",\n        \"properties\": {\n            \"orderId\": {\"dataType\":\"double\",\"required\":true},\n            \"interpertation\": {\"dataType\":\"string\",\"required\":true},\n            \"challenge\": {\"dataType\":\"any\",\"required\":true},\n        },\n        \"additionalProperties\": false,\n    },\n    // WARNING: This file was auto-generated with tsoa. Please do not modify it. Re-run tsoa to re-generate this file: https://github.com/lukeautry/tsoa\n};\nconst validationService = new ValidationService(models);\n\n// WARNING: This file was auto-generated with tsoa. Please do not modify it. Re-run tsoa to re-generate this file: https://github.com/lukeautry/tsoa\n\nexport function RegisterRoutes(app: express.Router) {\n    // ###########################################################################################################\n    //  NOTE: If you do not see routes for all of your controllers in this file, then you might not have informed tsoa of where to look\n    //      Please look into the \"controllerPathGlobs\" config option described in the readme: https://github.com/lukeautry/tsoa\n    // ###########################################################################################################\n        app.post('/admins/register',\n            function (request: any, response: any, next: any) {\n            const args = {\n                    user: {\"in\":\"body\",\"name\":\"user\",\"required\":true,\"ref\":\"UserMap\"},\n            };\n\n            // WARNING: This file was auto-generated with tsoa. Please do not modify it. Re-run tsoa to re-generate this file: https://github.com/lukeautry/tsoa\n\n            let validatedArgs: any[] = [];\n            try {\n                validatedArgs = getValidatedArgs(args, request, response);\n            } catch (err) {\n                return next(err);\n            }\n\n            const controller = new AdminAccountController();\n\n\n            const promise = controller.RegisterAdmin.apply(controller, validatedArgs as any);\n            promiseHandler(controller, promise, response, undefined, next);\n        });\n        // WARNING: This file was auto-generated with tsoa. Please do not modify it. Re-run tsoa to re-generate this file: https://github.com/lukeautry/tsoa\n        app.post('/admins/login',\n            function (request: any, response: any, next: any) {\n            const args = {\n                    credentials: {\"in\":\"body\",\"name\":\"credentials\",\"required\":true,\"ref\":\"Credentials\"},\n            };\n\n            // WARNING: This file was auto-generated with tsoa. Please do not modify it. Re-run tsoa to re-generate this file: https://github.com/lukeautry/tsoa\n\n            let validatedArgs: any[] = [];\n            try {\n                validatedArgs = getValidatedArgs(args, request, response);\n            } catch (err) {\n                return next(err);\n            }\n\n            const controller = new AdminAccountController();\n\n\n            const promise = controller.LoginAdmin.apply(controller, validatedArgs as any);\n            promiseHandler(controller, promise, response, undefined, next);\n        });\n        // WARNING: This file was auto-generated with tsoa. Please do not modify it. Re-run tsoa to re-generate this file: https://github.com/lukeautry/tsoa\n        app.get('/admins/users/start/:startIndex/end/:endIndex',\n            authenticateMiddleware([{\"jwt\":[\"Admin\"]}]),\n            function (request: any, respo
[...]
t":{"line":2,"column":31},"end":{"line":2,"column":51}},{"start":{"line":2,"column":57},"end":{"line":8,"column":2}}],"line":2},"1":{"loc":{"start":{"line":2,"column":57},"end":{"line":8,"column":2}},"type":"cond-expr","locations":[{"start":{"line":2,"column":74},"end":{"line":5,"column":1}},{"start":{"line":5,"column":6},"end":{"line":8,"column":1}}],"line":2},"2":{"loc":{"start":{"line":3,"column":4},"end":{"line":3,"column":33}},"type":"if","locations":[{"start":{"line":3,"column":4},"end":{"line":3,"column":33}},{"start":{"line":3,"column":4},"end":{"line":3,"column":33}}],"line":3},"3":{"loc":{"start":{"line":6,"column":4},"end":{"line":6,"column":33}},"type":"if","locations":[{"start":{"line":6,"column":4},"end":{"line":6,"column":33}},{"start":{"line":6,"column":4},"end":{"line":6,"column":33}}],"line":6},"4":{"loc":{"start":{"line":9,"column":25},"end":{"line":13,"column":2}},"type":"binary-expr","locations":[{"start":{"line":9,"column":26},"end":{"line":9,"column":30}},{"start":{"line":9,"column":34},"end":{"line":9,"column":57}},{"start":{"line":9,"column":63},"end":{"line":13,"column":1}}],"line":9},"5":{"loc":{"start":{"line":9,"column":63},"end":{"line":13,"column":1}},"type":"cond-expr","locations":[{"start":{"line":9,"column":80},"end":{"line":11,"column":1}},{"start":{"line":11,"column":5},"end":{"line":13,"column":1}}],"line":9},"6":{"loc":{"start":{"line":14,"column":19},"end":{"line":20,"column":1}},"type":"binary-expr","locations":[{"start":{"line":14,"column":20},"end":{"line":14,"column":24}},{"start":{"line":14,"column":28},"end":{"line":14,"column":45}},{"start":{"line":14,"column":50},"end":{"line":20,"column":1}}],"line":14},"7":{"loc":{"start":{"line":15,"column":4},"end":{"line":15,"column":42}},"type":"if","locations":[{"start":{"line":15,"column":4},"end":{"line":15,"column":42}},{"start":{"line":15,"column":4},"end":{"line":15,"column":42}}],"line":15},"8":{"loc":{"start":{"line":15,"column":8},"end":{"line":15,"column":29}},"type":"binary-expr","locations":[{"start":{"line":15,"column":8},"end":{"line":15,"column":11}},{"start":{"line":15,"column":15},"end":{"line":15,"column":29}}],"line":15},"9":{"loc":{"start":{"line":17,"column":4},"end":{"line":17,"column":141}},"type":"if","locations":[{"start":{"line":17,"column":4},"end":{"line":17,"column":141}},{"start":{"line":17,"column":4},"end":{"line":17,"column":141}}],"line":17},"10":{"loc":{"start":{"line":17,"column":40},"end":{"line":17,"column":141}},"type":"if","locations":[{"start":{"line":17,"column":40},"end":{"line":17,"column":141}},{"start":{"line":17,"column":40},"end":{"line":17,"column":141}}],"line":17},"11":{"loc":{"start":{"line":17,"column":44},"end":{"line":17,"column":107}},"type":"binary-expr","locations":[{"start":{"line":17,"column":44},"end":{"line":17,"column":59}},{"start":{"line":17,"column":63},"end":{"line":17,"column":107}}],"line":17}},"s":{"0":1,"1":5,"2":5,"3":5,"4":2,"5":0,"6":0,"7":0,"8":1,"9":1,"10":0,"11":1,"12":1,"13":0,"14":1,"15":1,"16":1,"17":5,"18":5,"19":1,"20":1,"21":1,"22":1,"23":1,"24":1,"25":1},"f":{"0":5,"1":2,"2":0,"3":1,"4":0,"5":1,"6":1},"b":{"0":[1,1,1],"1":[1,0],"2":[5,0],"3":[0,0],"4":[1,1,1],"5":[1,0],"6":[1,1,1],"7":[0,1],"8":[1,1],"9":[1,0],"10":[5,0],"11":[5,5]},"inputSourceMap":{"version":3,"file":"D:/Avans/blok11/Cloud Services/Eindopdracht/src/api/server/swagger.ts","sources":["D:/Avans/blok11/Cloud Services/Eindopdracht/src/api/server/swagger.ts"],"names":[],"mappings":";;;;;;;;;;;;;;;;;;;;;AACA,8DAAgD;AAEhD,SAAwB,UAAU,CAAC,GAAY;IAE3C,IAAI,OAAO,GAAG;QACV,cAAc,EAAE;YACd,GAAG,EAAE,eAAe;SACrB;KACJ,CAAA;IAED,GAAG,CAAC,GAAG,CAAC,UAAU,EAAE,SAAS,CAAC,KAAK,EAAE,SAAS,CAAC,KAAK,CAAC,IAAI,EAAE,OAAO,CAAC,CAAC,CAAC;AAEzE,CAAC;AAVD,6BAUC","sourcesContent":["import { Express } from 'express';\r\nimport * as swaggerUi from 'swagger-ui-express';\r\n\r\nexport default function useSwagger(app: Express): void {\r\n\r\n    var options = {\r\n        swaggerOptions: {\r\n          url: '/swagger.json'\r\n        }\r\n    }\r\n\r\n    app.use('/swagger', swaggerUi.serve, swaggerUi.setup(null, options));\r\n\r\n}"]},"_coverageSchema":"1a1c01bbd47fc00a2c39e90264f33305004495a9","hash":"be44cbf0c7d5b2b25de0db7f5aa877016295bf70","contentHash":"b7f2b5738d60fbe9a99597229b97a98dabe963fa5a288b5e5a48c87ed761d37b"},"D:\\Avans\\blok11\\Cloud Services\\Eindopdracht\\src\\api\\middleware\\index.ts":{"path":"D:\\Avans\\blok11\\Cloud Services\\Eindopdracht\\src\\api\\middleware\\index.ts","statementMap":{"0":{"start":{"line":2,"column":22},"end":{"line":4,"column":1}},"1":{"start":{"line":3,"column":4},"end":{"line":3,"column":62}},"2":{"start":{"line":5,"column":0},"end":{"line":5,"column":62}},"3":{"start":{"line":6,"column":31},"end":{"line":6,"column":81}},"4":{"start":{"line":8,"column":4},"end":{"line":8,"column":40}},"5":{"start":{"line":9,"column":4},"end":{"line":9,"column":44}},"6":{"start":{"line":11,"column":0},"end":{"line":11,"column":28}}},"fnMap":{"0":{"name":"(anonymous_0)","decl":{"start":{"line":2,"column":56},"end":{"line":2,"column":57}},"loc":{"start":{"line":2,"column":71},"end":{"line":4,"column":1}},"line":2},"1":{"name":"default_1","decl":{"start":{"line":7,"column":9},"end":{"line":7,"column":18}},"loc":{"start":{"line":7,"column":24},"end":{"line":10,"column":1}},"line":7}},"branchMap":{"0":{"loc":{"start":{"line":2,"column":22},"end":{"line":4,"column":1}},"type":"binary-expr","locations":[{"start":{"line":2,"column":23},"end":{"line":2,"column":27}},{"start":{"line":2,"column":31},"end":{"line":2,"column":51}},{"start":{"line":2,"column":56},"end":{"line":4,"column":1}}],"line":2},"1":{"loc":{"start":{"line":3,"column":11},"end":{"line":3,"column":61}},"type":"cond-expr","locations":[{"start":{"line":3,"column":37},"end":{"line":3,"column":40}},{"start":{"line":3,"column":43},"end":{"line":3,"column":61}}],"line":3},"2":{"loc":{"start":{"line":3,"column":12},"end":{"line":3,"column":33}},"type":"binary-expr","locations":[{"start":{"line":3,"column":12},"end":{"line":3,"column":15}},{"start":{"line":3,"column":19},"end":{"line":3,"column":33}}],"line":3}},"s":{"0":1,"1":1,"2":1,"3":1,"4":1,"5":1,"6":1},"f":{"0":1,"1":1},"b":{"0":[1,1,1],"1":[1,0],"2":[1,1]},"inputSourceMap":{"version":3,"file":"D:/Avans/blok11/Cloud Services/Eindopdracht/src/api/middleware/index.ts","sources":["D:/Avans/blok11/Cloud Services/Eindopdracht/src/api/middleware/index.ts"],"names":[],"mappings":";;;;;AACA,kFAAuD;AAEvD,mBAAwB,GAAY;IAClC,8BAAkB,CAAC,GAAG,CAAC,CAAC;IAExB,OAAO,CAAC,GAAG,CAAC,0BAA0B,CAAC,CAAC;AAC1C,CAAC;AAJD,4BAIC;AAAA,CAAC","sourcesContent":["import { Express } from 'express';\r\nimport useExceptionFilter from './exception.middleware'\r\n\r\nexport default function(app: Express): void {\r\n  useExceptionFilter(app);\r\n\r\n  console.log('🔥 Middleware Assembled.');\r\n};"]},"_coverageSchema":"1a1c01bbd47fc00a2c39e90264f33305004495a9","hash":"7733fd17abd95a7cff238899487b23ca6b4e14ac","contentHash":"013dce76d87e71a3a07d2f51e5c4bb6311535530a7ab8264ad39e5afcd12b492"},"D:\\Avans\\blok11\\Cloud Services\\Eindopdracht\\src\\api\\middleware\\exception.middleware.ts":{"path":"D:\\Avans\\blok11\\Cloud Services\\Eindopdracht\\src\\api\\middleware\\exception.middleware.ts","statementMap":{"0":{"start":{"line":2,"column":0},"end":{"line":2,"column":62}},"1":{"start":{"line":3,"column":15},"end":{"line":3,"column":30}},"2":{"start":{"line":4,"column":26},"end":{"line":4,"column":76}},"3":{"start":{"line":7,"column":4},"end":{"line":11,"column":7}},"4":{"start":{"line":8,"column":22},"end":{"line":8,"column":48}},"5":{"start":{"line":9,"column":8},"end":{"line":9,"column":30}},"6":{"start":{"line":10,"column":8},"end":{"line":10,"column":20}},"7":{"start":{"line":14,"column":4},"end":{"line":33,"column":7}},"8":{"start":{"line":15,"column":8},"end":{"line":20,"column":9}},"9":{"start":{"line":16,"column":12},"end":{"line":16,"column":83}},"10":{"start":{"line":17,"column":12},"end":{"line":19,"column":15}},"11":{"start":{"line":21,"column":8},"end":{"line":26,"column":9}},"12":{"start":{"line":22,"column":12},"end":{"line":22,"column":81}},"13":{"start":{"line":23,"column":12},"end":{"line":25,"column":15}},"14":{"start":{"line":27,"column":8},"end":{"line":31,"column":9}},"15":{"start":{"line":28,"column":12},"end":{"line":30,"column":15}},"16":{"start":{"line":32,"column":8},"end":{"line":32,"column":15}},"17":{"start":{"line":35,"column":0},"end":{"line":35,"column":37}}},"fnMap":{"0":{"name":"useExceptionFilter","decl":{"start":{"line":5,"column":9},"end":{"line":5,"column":27}},"loc":{"start":{"line":5,"column":33},"end":{"line":34,"column":1}},"line":5},"1":{"name":"(anonymous_1)","decl":{"start":{"line":7,"column":12},"end":{"line":7,"column":13}},"loc":{"start":{"line":7,"column":41},"end":{"line":11,"column":5}},"line":7},"2":{"name":"errorHandler","decl":{"start":{"line":14,"column":21},"end":{"line":14,"column":33}},"loc":{"start":{"line":14,"column":57},"end":{"line":33,"column":5}},"line":14}},"branchMap":{"0":{"loc":{"start":{"line":15,"column":8},"end":{"line":20,"column":9}},"type":"if","locations":[{"start":{"line":15,"column":8},"end":{"line":20,"column":9}},{"start":{"line":15,"column":8},"end":{"line":20,"column":9}}],"line":15},"1":{"loc":{"start":{"line":21,"column":8},"end":{"line":26,"column":9}},"type":"if","locations":[{"start":{"line":21,"column":8},"end":{"line":26,"column":9}},{"start":{"line":21,"column":8},"end":{"line":26,"column":9}}],"line":21},"2":{"loc":{"start":{"line":27,"column":8},"end":{"line":31,"column":9}},"type":"if","locations":[{"start":{"line":27,"column":8},"end":{"line":31,"column":9}},{"start":{"line":27,"column":8},"end":{"line":31,"column":9}}],"line":27}},"s":{"0":1,"1":1,"2":1,"3":1,"4":0,"5":0,"6":0,"7":1,"8":7,"9":0,"10":0,"11":7,"12":2,"13":2,"14":5,"15":5,"16":0,"17":1},"f":{"0":1,"1":0,"2":7},"b":{"0":[0,7],"1":[2,5],"2":[5,0]},"inputSourceMap":{"version":3,"file":"D:/Avans/blok11/Cloud Services/Eindopdracht/src/api/middleware/exception.middleware.ts","sources":["D:/Avans/blok11/Cloud Services/Eindopdracht/src/api/middleware/exception.middleware.ts"],"names":[],"mappings":";;AACA,+BAAqC;AACrC,6EAAmE;AAEnE,SAAwB,kBAAkB,CAAC,GAAY;IAEjD,yCAAyC;IAC3C,GAAG,CAAC,GAAG,CAAC,CAAC,OAAgB,EAAE,QAAkB,EAAE,IAAkB,EAAE,EAAE;QACjE,MAAM,KAAK,GAAG,IAAI,KAAK,CAAC,eAAe,CAAC,CAAC;QACzC,KAAK,CAAC,QAAQ,CAAC,GAAG,GAAG,CAAC;QACtB,IAAI,CAAC,KAAK,CAAC,CAAC;IAChB,CAAC,CAAC,CAAC;IAEH,iBAAiB;IACjB,0DAA0D;IAC1D,GAAG,CAAC,GAAG,CAAC,SAAS,YAAY,CACzB,KAAc,EACd,GAAY,EACZ,GAAa,EACb,IAAkB;QAElB,IAAI,KAAK,YAAY,oBAAa,EAAE;YAChC,OAAO,CAAC,IAAI,CAAC,+BAA+B,GAAG,CAAC,IAAI,GAAG,EAAE,KAAK,CAAC,MAAM,CAAC,CAAC;YACvE,OAAO,GAAG,CAAC,MAAM,CAAC,GAAG,CAAC,CAAC,IAAI,CAAC;gBAC1B,OAAO,EAAE,mBAAmB;aAC7B,CAAC,CAAC;SACN;QACD,IAAI,KAAK,YAAY,0BAAQ,EAAE;YAC7B,OAAO,CAAC,IAAI,CAAC,+BAA+B,GAAG,CAAC,IAAI,GAAG,EAAE,KAAK,CAAC,IAAI,CAAC,CAAC;YACrE,OAAO,GAAG,CAAC,MAAM,CAAC,KAAK,CAAC,MAAM,CAAC,CAAC,IAAI,CAAC;gBACnC,OAAO,EAAE,KAAK,CAAC,OAAO;aACvB,CAAC,CAAC;SACJ;QACD,IAAI,KAAK,YAAY,KAAK,EAAE;YAC1B,OAAO,GAAG,CAAC,MAAM,CAAC,GAAG,CAAC,CAAC,IAAI,CAAC;gBAC1B,OAAO,EAAE,KAAK,CAAC,OAAO;aACvB,CAAC,CAAC;SACJ;QAED,IAAI,EAAE,CAAC;IACT,CAAC,CAAC,CAAC;AAET,CAAC;AAtCD,qCAsCC","sourcesContent":["import {Express, Request, Response, NextFunction} from 'express';\r\nimport { ValidateError } from 'tsoa';\r\nimport { ApiError } from '../../common/extensions/error.extention';\r\n\r\nexport default function useExceptionFilter(app: Express): void {\r\n\r\n      // catch 404 and forward to error handler\r\n    app.use((request: Request, response: Response, next: NextFunction) => {\r\n        const error = new Error('404 Not Found');\r\n        error['status'] = 404; \r\n        next(error);\r\n    });\r\n\r\n    // error handlers\r\n    // error handler will print stacktrace only in development\r\n    app.use(function errorHandler(\r\n        error: unknown,\r\n        req: Request,\r\n        res: Response,\r\n        next: NextFunction\r\n      ): Response | void {\r\n        if (error instanceof ValidateError) {\r\n            console.warn(`Caught Validation Error for ${req.path}:`, error.fields);\r\n            return res.status(422).json({\r\n              message: \"Validation Failed\"\r\n            });\r\n        }\r\n        if (error instanceof ApiError) {\r\n          console.warn(`Caught Validation Error for ${req.path}:`, error.name);\r\n          return res.status(error.status).json({\r\n            message: error.message\r\n          });\r\n        }\r\n        if (error instanceof Error) {\r\n          return res.status(500).json({\r\n            message: error.message,\r\n          });\r\n        }\r\n      \r\n        next();\r\n      });\r\n\r\n}"]},"_coverageSchema":"1a1c01bbd47fc00a2c39e90264f33305004495a9","hash":"b02d45253238835fe861e578590d24f33a2d9233","contentHash":"ac176fd9dd44f061a7b3cdc4d56c3f6a3d55a83d751716cd3f6d62ba14377729"},"D:\\Avans\\blok11\\Cloud Services\\Eindopdracht\\src\\api\\database\\index.ts":{"path":"D:\\Avans\\blok11\\Cloud Services\\Eindopdracht\\src\\api\\database\\index.ts","statementMap":{"0":{"start":{"line":2,"column":22},"end":{"line":4,"column":1}},"1":{"start":{"line":3,"column":4},"end":{"line":3,"column":62}},"2":{"start":{"line":5,"column":0},"end":{"line":5,"column":62}},"3":{"start":{"line":6,"column":0},"end":{"line":6,"column":80}},"4":{"start":{"line":7,"column":19},"end":{"line":7,"column":55}},"5":{"start":{"line":8,"column":20},"end":{"line":8,"column":40}},"6":{"start":{"line":10,"column":4},"end":{"line":22,"column":5}},"7":{"start":{"line":11,"column":26},"end":{"line":11,"column":71}},"8":{"start":{"line":12,"column":8},"end":{"line":16,"column":11}},"9":{"start":{"line":13,"column":12},"end":{"line":15,"column":105}},"10":{"start":{"line":14,"column":28},"end":{"line":14,"column":68}},"11":{"start":{"line":15,"column":36},"end":{"line":15,"column":101}},"12":{"start":{"line":19,"column":8},"end":{"line":21,"column":96}},"13":{"start":{"line":20,"column":24},"end":{"line":20,"column":63}},"14":{"start":{"line":21,"column":32},"end":{"line":21,"column":92}},"15":{"start":{"line":24,"column":0},"end":{"line":24,"column":42}},"16":{"start":{"line":26,"column":4},"end":{"line":26,"column":65}},"17":{"start":{"line":28,"column":0},"end":{"line":28,"column":36}},"18":{"start":{"line":30,"column":4},"end":{"line":30,"column":49}},"19":{"start":{"line":32,"column":0},"end":{"line":32,"column":38}}},"fnMap":{"0":{"name":"(anonymous_0)","decl":{"start":{"line":2,"column":56},"end":{"line":2,"column":57}},"loc":{"start":{"line":2,"column":71},"end":{"line":4,"column":1}},"line":2},"1":{"name":"connectDatabase","decl":{"start":{"line":9,"column":9},"end":{"line":9,"column":24}},"loc":{"start":{"line":9,"column":27},"end":{"line":23,"column":1}},"line":9},"2":{"name":"(anonymous_2)","decl":{"start":{"line":12,"column":40},"end":{"line":12,"column":41}},"loc":{"start":{"line":12,"column":52},"end":{"line":16,"column":9}},"line":12},"3":{"name":"(anonymous_3)","decl":{"start":{"line":14,"column":22},"end":{"line":14,"column":23}},"loc":{"start":{"line":14,"column":28},"end":{"line":14,"column":68}},"line":14},"4":{"name":"(anonymous_4)","decl":{"start":{"line":15,"column":23},"end":{"line":15,"column":24}},"loc":{"start":{"line":15,"column":34},"end":{"line":15,"column":103}},"line":15},"5":{"name":"(anonymous_5)","decl":{"start":{"line":20,"column":18},"end":{"line":20,"column":19}},"loc":{"start":{"line":20,"column":24},"end":{"line":20,"column":63}},"line":20},"6":{"name":"(anonymous_6)","decl":{"start":{"line":21,"column":19},"end":{"line":21,"column":20}},"loc":{"start":{"line":21,"column":30},"end":{"line":21,"column":94}},"line":21},"7":{"name":"dropDatabase","decl":{"start":{"line":25,"column":15},"end":{"line":25,"column":27}},"loc":{"start":{"line":25,"column":30},"end":{"line":27,"column":1}},"line":25},"8":{"name":"closeDatabase","decl":{"start":{"line":29,"column":15},"end":{"line":29,"column":28}},"loc":{"start":{"line":29,"column":31},"end":{"line":31,"column":1}},"line":29}},"branchMap":{"0":{"loc":{"start":{"line":2,"column":22},"end":{"line":4,"column":1}},"type":"binary-expr","locations":[{"start":{"line":2,"column":23},"end":{"line":2,"column":27}},{"start":{"line":2,"column":31},"end":{"line":2,"column":51}},{"start":{"line":2,"column":56},"end":{"line":4,"column":1}}],"line":2},"1":{"loc":{"start":{"line":3,"column":11},"end":{"line":3,"column":61}},"type":"cond-expr","locations":[{"start":{"line":3,"column":37},"end":{"line":3,"column":40}},{"start":{"line":3,"column":43},"end":{"line":3,"column":61}}],"line":3},"2":{"loc":{"start":{"line":3,"column":12},"end":{"line":3,"column":33}},"type":"binary-expr","locations":[{"start":{"line":3,"column":12},"end":{"line":3,"column":15}},{"start":{"line":3,"column":19},"end":{"line":3,"column":33}}],"line":3},"3":{"loc":{"start":{"line":10,"column":4},"end":{"line":22,"column":5}},"type":"if","locations":[{"start":{"line":10,"column":4},"end":{"line":22,"column":5}},{"start":{"line":10,"column":4},"end":{"line":22,"column":5}}],"line":10}},"s":{"0":1,"1":1,"2":1,"3":1,"4":1,"5":1,"6":5,"7":5,"8":5,"9":5,"10":5,"11":0,"12":0,"13":0,"14":0,"15":1,"16":5,"17":1,"18":5,"19":1},"f":{"0":1,"1":5,"2":5,"3":5,"4":0,"5":0,"6":0,"7":5,"8":5},"b":{"0":[1,1,1],"1":[0,1],"2":[1,1],"3":[5,0]},"inputSourceMap":{"version":3,"file":"D:/Avans/blok11/Cloud Services/Eindopdracht/src/api/database/index.ts","sources":["D:/Avans/blok11/Cloud Services/Eindopdracht/src/api/database/index.ts"],"names":[],"mappings":";;;;;;AAAA,wDAAgC;AAChC,yCAAsC;AAGtC,SAAgB,eAAe;IAE3B,IAAG,OAAO,CAAC,GAAG,CAAC,QAAQ,KAAK,MAAM,EAClC;QACI,MAAM,SAAS,GAAG,IAAI,qBAAS,CAAC,kBAAQ,CAAC,CAAC;QAC1C,SAAS,CAAC,cAAc,EAAE,CAAC,IAAI,CAAC;YAC5B,kBAAQ,CAAC,OAAO,CAAC,OAAO,CAAC,GAAG,CAAC,gBAAgB,EAAE,EAAE,eAAe,EAAE,IAAI,EAAE,kBAAkB,EAAE,IAAI,EAAE,CAAC;iBAC9F,IAAI,CAAC,GAAG,EAAE,CAAC,OAAO,CAAC,GAAG,CAAC,2BAA2B,CAAC,CAAC;iBACpD,KAAK,CAAC,CAAC,KAAU,EAAE,EAAE,GAAG,MAAM,IAAI,KAAK,CAAC,wCAAwC,KAAK,EAAE,CAAC,CAAC,CAAC,CAAC,CAAE,CAAC;QACvG,CAAC,CAAC,CAAC;KACN;SAED;QACI,kBAAQ,CAAC,OAAO,CAAC,OAAO,CAAC,GAAG,CAAC,gBAAgB,EAAE,EAAE,eAAe,EAAE,IAAI,EAAE,kBAAkB,EAAE,IAAI,EAAE,CAAC;aAC9F,IAAI,CAAC,GAAG,EAAE,CAAC,OAAO,CAAC,GAAG,CAAC,0BAA0B,CAAC,CAAC;aACnD,KAAK,CAAC,CAAC,KAAU,EAAE,EAAE,GAAG,MAAM,IAAI,KAAK,CAAC,mCAAmC,KAAK,EAAE,CAAC,CAAC,CAAC,CAAC,CAAE,CAAC;KACjG;AAGL,CAAC;AAnBD,0CAmBC;AAEM,KAAK,UAAU,YAAY;IAE9B,OAAO,MAAM,kBAAQ,CAAC,UAAU,CAAC,EAAE,CAAC,YAAY,EAAE,CAAC;AACvD,CAAC;AAHD,oCAGC;AAEM,KAAK,UAAU,aAAa;IAE/B,OAAO,MAAM,kBAAQ,CAAC,UAAU,EAAE,CAAC;AACvC,CAAC;AAHD,sCAGC","sourcesContent":["import mongoose from 'mongoose';\r\nimport { Mockgoose } from 'mockgoose';\r\nimport config from '../../api/build/config';\r\n\r\nexport function connectDatabase(): void {\r\n\r\n    if(process.env.NODE_ENV === 'test')\r\n    {\r\n        const mockgoose = new Mockgoose(mongoose);\r\n        mockgoose.prepareStorage().then(function() {\r\n            mongoose.connect(process.env.MONGO_CONNECTION, { useNewUrlParser: true, useUnifiedTopology: true })\r\n                .then(() => console.log(\"✔️  Connected to Mongodb.\"))\r\n                .catch((error: any) => { throw new Error(`Failed to connect to test Mongodb 💔 ${error}`); } );\r\n        });\r\n    }\r\n    else\r\n    {\r\n        mongoose.connect(process.env.MONGO_CONNECTION, { useNewUrlParser: true, useUnifiedTopology: true })\r\n            .then(() => console.log(\"✔️ Connected to Mongodb.\"))\r\n            .catch((error: any) => { throw new Error(`Failed to connect to Mongodb 💔 ${error}`); } );\r\n    }\r\n    \r\n    \r\n}\r\n\r\nexport async function dropDatabase(): Promise<void>\r\n{\r\n    return await mongoose.connection.db.dropDatabase();\r\n}\r\n\r\nexport async function closeDatabase(): Promise<void>\r\n{\r\n    return await mongoose.disconnect();\r\n}\r\n\r\n"]},"_coverageSchema":"1a1c01bbd47fc00a2c39e90264f33305004495a9","hash":"042f4765b80c1a334a9ad97680f32f3d4d805c59","contentHash":"739550c3596b2ddb6c8c53d3df3f37fcd7b752d4eda26bc849ab70b36eefe748"}}